<?xml version="1.0" encoding="UTF-8"?>
<robot generator="Robot 7.4.1 (Python 3.14.0 on win32)" generated="2026-01-16T20:22:28.966481" rpa="false" schemaversion="5">
<suite id="s1" name="Saucedemo-Robotframework-Tests" source="C:\Master_Check_Assissment_Mywork\saucedemo-robotframework-tests">
<suite id="s1-s1" name="Tests" source="C:\Master_Check_Assissment_Mywork\saucedemo-robotframework-tests\tests">
<suite id="s1-s1-s1" name="Burger Menu Navigation" source="C:\Master_Check_Assissment_Mywork\saucedemo-robotframework-tests\tests\burger_menu_navigation.robot">
<kw name="Open Browser To URL" owner="Lib1" type="SETUP">
<msg time="2026-01-16T20:22:36.887460" level="INFO">✓ Navigateur ouvert à : https://www.saucedemo.com</msg>
<doc>Ouvre le navigateur à l'URL spécifiée ou à l'URL de base</doc>
<status status="PASS" start="2026-01-16T20:22:29.351424" elapsed="7.536908"/>
</kw>
<test id="s1-s1-s1-t1" name="Test Menu Burger Global Standard User" line="23">
<kw name="Log" owner="BuiltIn">
<msg time="2026-01-16T20:22:36.897997" level="INFO">=== TEST MENU BURGER GLOBAL - STANDARD USER ===</msg>
<arg>=== TEST MENU BURGER GLOBAL - STANDARD USER ===</arg>
<arg>console=yes</arg>
<doc>Logs the given message with the given level.</doc>
<status status="PASS" start="2026-01-16T20:22:36.896412" elapsed="0.003431"/>
</kw>
<kw name="Login With Standard User" owner="Lib2">
<msg time="2026-01-16T20:22:37.365819" level="INFO">✓ Connecté avec l'utilisateur standard</msg>
<doc>Se connecte avec l'utilisateur standard</doc>
<status status="PASS" start="2026-01-16T20:22:36.901906" elapsed="0.464270"/>
</kw>
<kw name="Execute Test Step">
<kw name="Log" owner="BuiltIn">
<msg time="2026-01-16T20:22:37.369836" level="INFO">▶ Ouverture du menu burger</msg>
<arg>▶ ${step_name}</arg>
<arg>console=yes</arg>
<doc>Logs the given message with the given level.</doc>
<status status="PASS" start="2026-01-16T20:22:37.368738" elapsed="0.001765"/>
</kw>
<kw name="Run Keyword And Ignore Error" owner="BuiltIn">
<kw name="Open Burger Menu" owner="Lib3">
<msg time="2026-01-16T20:22:48.481235" level="INFO">Tentative d'ouverture du menu burger...
URL actuelle: https://www.saucedemo.com/inventory.html
✓ Bouton menu burger trouvé
✓ Bouton menu burger visible
Clic sur le bouton menu burger...
✓ Menu burger ouvert avec succès</msg>
<arg>@{args}</arg>
<doc>Ouvre le menu burger</doc>
<status status="PASS" start="2026-01-16T20:22:37.372215" elapsed="11.109538"/>
</kw>
<msg time="2026-01-16T20:22:48.482172" level="INFO">${status} = PASS</msg>
<msg time="2026-01-16T20:22:48.482724" level="INFO">${result} = None</msg>
<var>${status}</var>
<var>${result}</var>
<arg>${keyword_name}</arg>
<arg>@{args}</arg>
<doc>Runs the given keyword with the given arguments and ignores possible error.</doc>
<status status="PASS" start="2026-01-16T20:22:37.370933" elapsed="11.112204"/>
</kw>
<kw name="Run Keyword If" owner="BuiltIn">
<kw name="Log" owner="BuiltIn">
<msg time="2026-01-16T20:22:48.487190" level="INFO">✓ Ouverture du menu burger: RÉUSSI</msg>
<arg>✓ ${step_name}: RÉUSSI</arg>
<arg>console=yes</arg>
<arg>level=INFO</arg>
<doc>Logs the given message with the given level.</doc>
<status status="PASS" start="2026-01-16T20:22:48.486103" elapsed="0.001867"/>
</kw>
<arg>'${status}' == 'PASS'</arg>
<arg>Log</arg>
<arg>✓ ${step_name}: RÉUSSI</arg>
<arg>console=yes</arg>
<arg>level=INFO</arg>
<arg>ELSE</arg>
<arg>Run Keyword And Continue On Failure</arg>
<arg>Fail</arg>
<arg>${step_name}: ${result}</arg>
<doc>Runs the given keyword with the given arguments, if ``condition`` is true.</doc>
<status status="PASS" start="2026-01-16T20:22:48.483535" elapsed="0.004884"/>
</kw>
<return>
<value>${status}</value>
<value>${result}</value>
<status status="PASS" start="2026-01-16T20:22:48.488720" elapsed="0.000286"/>
</return>
<arg>Ouverture du menu burger</arg>
<arg>Open Burger Menu</arg>
<doc>Exécute une étape de test avec logging amélioré
Permet de tracer clairement chaque action dans les logs</doc>
<status status="PASS" start="2026-01-16T20:22:37.367872" elapsed="11.121512"/>
</kw>
<kw name="Execute Test Step">
<kw name="Log" owner="BuiltIn">
<msg time="2026-01-16T20:22:48.491585" level="INFO">▶ Vérification menu ouvert</msg>
<arg>▶ ${step_name}</arg>
<arg>console=yes</arg>
<doc>Logs the given message with the given level.</doc>
<status status="PASS" start="2026-01-16T20:22:48.490822" elapsed="0.001338"/>
</kw>
<kw name="Run Keyword And Ignore Error" owner="BuiltIn">
<kw name="Verify Burger Menu Is Open" owner="Lib3">
<msg time="2026-01-16T20:22:48.521995" level="INFO">✓ Menu burger est bien ouvert</msg>
<arg>@{args}</arg>
<doc>Vérifie que le menu burger est ouvert</doc>
<status status="PASS" start="2026-01-16T20:22:48.493265" elapsed="0.029209"/>
</kw>
<msg time="2026-01-16T20:22:48.522989" level="INFO">${status} = PASS</msg>
<msg time="2026-01-16T20:22:48.523405" level="INFO">${result} = None</msg>
<var>${status}</var>
<var>${result}</var>
<arg>${keyword_name}</arg>
<arg>@{args}</arg>
<doc>Runs the given keyword with the given arguments and ignores possible error.</doc>
<status status="PASS" start="2026-01-16T20:22:48.492470" elapsed="0.031392"/>
</kw>
<kw name="Run Keyword If" owner="BuiltIn">
<kw name="Log" owner="BuiltIn">
<msg time="2026-01-16T20:22:48.528097" level="INFO">✓ Vérification menu ouvert: RÉUSSI</msg>
<arg>✓ ${step_name}: RÉUSSI</arg>
<arg>console=yes</arg>
<arg>level=INFO</arg>
<doc>Logs the given message with the given level.</doc>
<status status="PASS" start="2026-01-16T20:22:48.526882" elapsed="0.002307"/>
</kw>
<arg>'${status}' == 'PASS'</arg>
<arg>Log</arg>
<arg>✓ ${step_name}: RÉUSSI</arg>
<arg>console=yes</arg>
<arg>level=INFO</arg>
<arg>ELSE</arg>
<arg>Run Keyword And Continue On Failure</arg>
<arg>Fail</arg>
<arg>${step_name}: ${result}</arg>
<doc>Runs the given keyword with the given arguments, if ``condition`` is true.</doc>
<status status="PASS" start="2026-01-16T20:22:48.524437" elapsed="0.005205"/>
</kw>
<return>
<value>${status}</value>
<value>${result}</value>
<status status="PASS" start="2026-01-16T20:22:48.530028" elapsed="0.000634"/>
</return>
<arg>Vérification menu ouvert</arg>
<arg>Verify Burger Menu Is Open</arg>
<doc>Exécute une étape de test avec logging amélioré
Permet de tracer clairement chaque action dans les logs</doc>
<status status="PASS" start="2026-01-16T20:22:48.490028" elapsed="0.041323"/>
</kw>
<kw name="Execute Test Step">
<kw name="Log" owner="BuiltIn">
<msg time="2026-01-16T20:22:48.533622" level="INFO">▶ Vérification des 4 options</msg>
<arg>▶ ${step_name}</arg>
<arg>console=yes</arg>
<doc>Logs the given message with the given level.</doc>
<status status="PASS" start="2026-01-16T20:22:48.532643" elapsed="0.001718"/>
</kw>
<kw name="Run Keyword And Ignore Error" owner="BuiltIn">
<kw name="Verify Burger Menu Options" owner="Lib3">
<msg time="2026-01-16T20:22:48.672760" level="INFO">✓ Option 'All Items' vérifiée
✓ Option 'About' vérifiée
✓ Option 'Logout' vérifiée
✓ Option 'Reset App State' vérifiée</msg>
<arg>@{args}</arg>
<doc>Vérifie que toutes les options du menu burger sont présentes</doc>
<status status="PASS" start="2026-01-16T20:22:48.535677" elapsed="0.137574"/>
</kw>
<msg time="2026-01-16T20:22:48.673652" level="INFO">${status} = PASS</msg>
<msg time="2026-01-16T20:22:48.674160" level="INFO">${result} = None</msg>
<var>${status}</var>
<var>${result}</var>
<arg>${keyword_name}</arg>
<arg>@{args}</arg>
<doc>Runs the given keyword with the given arguments and ignores possible error.</doc>
<status status="PASS" start="2026-01-16T20:22:48.534750" elapsed="0.139899"/>
</kw>
<kw name="Run Keyword If" owner="BuiltIn">
<kw name="Log" owner="BuiltIn">
<msg time="2026-01-16T20:22:48.677730" level="INFO">✓ Vérification des 4 options: RÉUSSI</msg>
<arg>✓ ${step_name}: RÉUSSI</arg>
<arg>console=yes</arg>
<arg>level=INFO</arg>
<doc>Logs the given message with the given level.</doc>
<status status="PASS" start="2026-01-16T20:22:48.676626" elapsed="0.001726"/>
</kw>
<arg>'${status}' == 'PASS'</arg>
<arg>Log</arg>
<arg>✓ ${step_name}: RÉUSSI</arg>
<arg>console=yes</arg>
<arg>level=INFO</arg>
<arg>ELSE</arg>
<arg>Run Keyword And Continue On Failure</arg>
<arg>Fail</arg>
<arg>${step_name}: ${result}</arg>
<doc>Runs the given keyword with the given arguments, if ``condition`` is true.</doc>
<status status="PASS" start="2026-01-16T20:22:48.675125" elapsed="0.003540"/>
</kw>
<return>
<value>${status}</value>
<value>${result}</value>
<status status="PASS" start="2026-01-16T20:22:48.678924" elapsed="0.000264"/>
</return>
<arg>Vérification des 4 options</arg>
<arg>Verify Burger Menu Options</arg>
<doc>Exécute une étape de test avec logging amélioré
Permet de tracer clairement chaque action dans les logs</doc>
<status status="PASS" start="2026-01-16T20:22:48.531995" elapsed="0.147532"/>
</kw>
<kw name="Log" owner="BuiltIn">
<msg time="2026-01-16T20:22:48.680720" level="INFO">=== ✓ TEST MENU BURGER GLOBAL TERMINE ===</msg>
<arg>=== ✓ TEST MENU BURGER GLOBAL TERMINE ===</arg>
<arg>console=yes</arg>
<doc>Logs the given message with the given level.</doc>
<status status="PASS" start="2026-01-16T20:22:48.680019" elapsed="0.001309"/>
</kw>
<doc>Test d'ouverture du menu burger et vérification des options
pour l'utilisateur standard</doc>
<tag>burger_menu</tag>
<tag>critical</tag>
<tag>menu_visibility</tag>
<tag>standard_user</tag>
<status status="PASS" start="2026-01-16T20:22:36.888922" elapsed="11.792862"/>
</test>
<test id="s1-s1-s1-t2" name="Test All Items Option For Standard User" line="46">
<kw name="Log" owner="BuiltIn">
<msg time="2026-01-16T20:22:48.705323" level="INFO">=== TEST ALL ITEMS - STANDARD USER ===</msg>
<arg>=== TEST ALL ITEMS - STANDARD USER ===</arg>
<arg>console=yes</arg>
<doc>Logs the given message with the given level.</doc>
<status status="PASS" start="2026-01-16T20:22:48.703362" elapsed="0.003004"/>
</kw>
<kw name="Run Keyword And Ignore Error" owner="BuiltIn">
<kw name="Click All Items" owner="Lib3">
<msg time="2026-01-16T20:22:49.268175" level="INFO">✓ Cliqué sur 'All Items'</msg>
<doc>Clique sur l'option 'All Items' du menu</doc>
<status status="PASS" start="2026-01-16T20:22:48.707875" elapsed="0.561322"/>
</kw>
<msg time="2026-01-16T20:22:49.269545" level="INFO">${status} = PASS</msg>
<msg time="2026-01-16T20:22:49.269975" level="INFO">${current_url} = https://www.saucedemo.com/inventory.html</msg>
<var>${status}</var>
<var>${current_url}</var>
<arg>Click All Items</arg>
<doc>Runs the given keyword with the given arguments and ignores possible error.</doc>
<status status="PASS" start="2026-01-16T20:22:48.707021" elapsed="0.563258"/>
</kw>
<kw name="Run Keyword If" owner="BuiltIn">
<kw name="Execute Test Step">
<kw name="Log" owner="BuiltIn">
<msg time="2026-01-16T20:22:49.273697" level="INFO">▶ Vérification même page</msg>
<arg>▶ ${step_name}</arg>
<arg>console=yes</arg>
<doc>Logs the given message with the given level.</doc>
<status status="PASS" start="2026-01-16T20:22:49.272937" elapsed="0.001238"/>
</kw>
<kw name="Run Keyword And Ignore Error" owner="BuiltIn">
<kw name="Verify Same Page" owner="Lib3">
<msg time="2026-01-16T20:22:49.281296" level="INFO">✓ Resté sur la même page : https://www.saucedemo.com/inventory.html</msg>
<arg>@{args}</arg>
<doc>Vérifie qu'on est resté sur la même page</doc>
<status status="PASS" start="2026-01-16T20:22:49.275310" elapsed="0.006347"/>
</kw>
<msg time="2026-01-16T20:22:49.281969" level="INFO">${status} = PASS</msg>
<msg time="2026-01-16T20:22:49.282196" level="INFO">${result} = None</msg>
<var>${status}</var>
<var>${result}</var>
<arg>${keyword_name}</arg>
<arg>@{args}</arg>
<doc>Runs the given keyword with the given arguments and ignores possible error.</doc>
<status status="PASS" start="2026-01-16T20:22:49.274488" elapsed="0.008019"/>
</kw>
<kw name="Run Keyword If" owner="BuiltIn">
<kw name="Log" owner="BuiltIn">
<msg time="2026-01-16T20:22:49.286373" level="INFO">✓ Vérification même page: RÉUSSI</msg>
<arg>✓ ${step_name}: RÉUSSI</arg>
<arg>console=yes</arg>
<arg>level=INFO</arg>
<doc>Logs the given message with the given level.</doc>
<status status="PASS" start="2026-01-16T20:22:49.284012" elapsed="0.003226"/>
</kw>
<arg>'${status}' == 'PASS'</arg>
<arg>Log</arg>
<arg>✓ ${step_name}: RÉUSSI</arg>
<arg>console=yes</arg>
<arg>level=INFO</arg>
<arg>ELSE</arg>
<arg>Run Keyword And Continue On Failure</arg>
<arg>Fail</arg>
<arg>${step_name}: ${result}</arg>
<doc>Runs the given keyword with the given arguments, if ``condition`` is true.</doc>
<status status="PASS" start="2026-01-16T20:22:49.282795" elapsed="0.004741"/>
</kw>
<return>
<value>${status}</value>
<value>${result}</value>
<status status="PASS" start="2026-01-16T20:22:49.287807" elapsed="0.000232"/>
</return>
<arg>Vérification même page</arg>
<arg>Verify Same Page</arg>
<arg>${current_url}</arg>
<doc>Exécute une étape de test avec logging amélioré
Permet de tracer clairement chaque action dans les logs</doc>
<status status="PASS" start="2026-01-16T20:22:49.272315" elapsed="0.015966"/>
</kw>
<arg>'${status}' == 'PASS'</arg>
<arg>Execute Test Step</arg>
<arg>Vérification même page</arg>
<arg>Verify Same Page</arg>
<arg>${current_url}</arg>
<arg>ELSE</arg>
<arg>Fail</arg>
<arg>Échec lors du clic sur All Items</arg>
<doc>Runs the given keyword with the given arguments, if ``condition`` is true.</doc>
<status status="PASS" start="2026-01-16T20:22:49.271006" elapsed="0.017409"/>
</kw>
<kw name="Log" owner="BuiltIn">
<msg time="2026-01-16T20:22:49.289309" level="INFO">=== ✓ TEST ALL ITEMS TERMINE ===</msg>
<arg>=== ✓ TEST ALL ITEMS TERMINE ===</arg>
<arg>console=yes</arg>
<doc>Logs the given message with the given level.</doc>
<status status="PASS" start="2026-01-16T20:22:49.288786" elapsed="0.001054"/>
</kw>
<doc>Test de l'option "All Items" du menu burger
Vérifie qu'on reste sur la même page</doc>
<tag>all_items</tag>
<tag>burger_menu</tag>
<tag>standard_user</tag>
<status status="PASS" start="2026-01-16T20:22:48.690416" elapsed="0.600026"/>
</test>
<test id="s1-s1-s1-t3" name="Test About Option Standard User" line="65">
<kw name="Log" owner="BuiltIn">
<msg time="2026-01-16T20:22:49.312605" level="INFO">=== TEST ABOUT - STANDARD USER ===</msg>
<arg>=== TEST ABOUT - STANDARD USER ===</arg>
<arg>console=yes</arg>
<doc>Logs the given message with the given level.</doc>
<status status="PASS" start="2026-01-16T20:22:49.311784" elapsed="0.001370"/>
</kw>
<kw name="Execute Test Step">
<kw name="Log" owner="BuiltIn">
<msg time="2026-01-16T20:22:49.314871" level="INFO">▶ Clic sur About</msg>
<arg>▶ ${step_name}</arg>
<arg>console=yes</arg>
<doc>Logs the given message with the given level.</doc>
<status status="PASS" start="2026-01-16T20:22:49.314358" elapsed="0.001098"/>
</kw>
<kw name="Run Keyword And Ignore Error" owner="BuiltIn">
<kw name="Click About" owner="Lib3">
<msg time="2026-01-16T20:22:54.032896" level="INFO">✓ Cliqué sur 'About'</msg>
<arg>@{args}</arg>
<doc>Clique sur l'option 'About' du menu</doc>
<status status="PASS" start="2026-01-16T20:22:49.316815" elapsed="4.716631"/>
</kw>
<msg time="2026-01-16T20:22:54.033877" level="INFO">${status} = PASS</msg>
<msg time="2026-01-16T20:22:54.034390" level="INFO">${result} = None</msg>
<var>${status}</var>
<var>${result}</var>
<arg>${keyword_name}</arg>
<arg>@{args}</arg>
<doc>Runs the given keyword with the given arguments and ignores possible error.</doc>
<status status="PASS" start="2026-01-16T20:22:49.316035" elapsed="4.718818"/>
</kw>
<kw name="Run Keyword If" owner="BuiltIn">
<kw name="Log" owner="BuiltIn">
<msg time="2026-01-16T20:22:54.039274" level="INFO">✓ Clic sur About: RÉUSSI</msg>
<arg>✓ ${step_name}: RÉUSSI</arg>
<arg>console=yes</arg>
<arg>level=INFO</arg>
<doc>Logs the given message with the given level.</doc>
<status status="PASS" start="2026-01-16T20:22:54.037515" elapsed="0.003486"/>
</kw>
<arg>'${status}' == 'PASS'</arg>
<arg>Log</arg>
<arg>✓ ${step_name}: RÉUSSI</arg>
<arg>console=yes</arg>
<arg>level=INFO</arg>
<arg>ELSE</arg>
<arg>Run Keyword And Continue On Failure</arg>
<arg>Fail</arg>
<arg>${step_name}: ${result}</arg>
<doc>Runs the given keyword with the given arguments, if ``condition`` is true.</doc>
<status status="PASS" start="2026-01-16T20:22:54.035286" elapsed="0.007039"/>
</kw>
<return>
<value>${status}</value>
<value>${result}</value>
<status status="PASS" start="2026-01-16T20:22:54.042698" elapsed="0.000347"/>
</return>
<arg>Clic sur About</arg>
<arg>Click About</arg>
<doc>Exécute une étape de test avec logging amélioré
Permet de tracer clairement chaque action dans les logs</doc>
<status status="PASS" start="2026-01-16T20:22:49.313780" elapsed="4.729649"/>
</kw>
<kw name="Execute Test Step">
<kw name="Log" owner="BuiltIn">
<msg time="2026-01-16T20:22:54.045123" level="INFO">▶ Vérification page Saucelabs</msg>
<arg>▶ ${step_name}</arg>
<arg>console=yes</arg>
<doc>Logs the given message with the given level.</doc>
<status status="PASS" start="2026-01-16T20:22:54.044577" elapsed="0.001410"/>
</kw>
<kw name="Run Keyword And Ignore Error" owner="BuiltIn">
<kw name="Verify Saucelabs Page Opened" owner="Lib3">
<msg time="2026-01-16T20:22:54.071027" level="INFO">✓ Page Saucelabs ouverte : https://saucelabs.com/</msg>
<arg>@{args}</arg>
<doc>Vérifie que la page Saucelabs s'est ouverte</doc>
<status status="PASS" start="2026-01-16T20:22:54.048256" elapsed="0.023689"/>
</kw>
<msg time="2026-01-16T20:22:54.072544" level="INFO">${status} = PASS</msg>
<msg time="2026-01-16T20:22:54.074086" level="INFO">${result} = None</msg>
<var>${status}</var>
<var>${result}</var>
<arg>${keyword_name}</arg>
<arg>@{args}</arg>
<doc>Runs the given keyword with the given arguments and ignores possible error.</doc>
<status status="PASS" start="2026-01-16T20:22:54.046337" elapsed="0.028159"/>
</kw>
<kw name="Run Keyword If" owner="BuiltIn">
<kw name="Log" owner="BuiltIn">
<msg time="2026-01-16T20:22:54.080088" level="INFO">✓ Vérification page Saucelabs: RÉUSSI</msg>
<arg>✓ ${step_name}: RÉUSSI</arg>
<arg>console=yes</arg>
<arg>level=INFO</arg>
<doc>Logs the given message with the given level.</doc>
<status status="PASS" start="2026-01-16T20:22:54.077419" elapsed="0.004103"/>
</kw>
<arg>'${status}' == 'PASS'</arg>
<arg>Log</arg>
<arg>✓ ${step_name}: RÉUSSI</arg>
<arg>console=yes</arg>
<arg>level=INFO</arg>
<arg>ELSE</arg>
<arg>Run Keyword And Continue On Failure</arg>
<arg>Fail</arg>
<arg>${step_name}: ${result}</arg>
<doc>Runs the given keyword with the given arguments, if ``condition`` is true.</doc>
<status status="PASS" start="2026-01-16T20:22:54.075074" elapsed="0.006977"/>
</kw>
<return>
<value>${status}</value>
<value>${result}</value>
<status status="PASS" start="2026-01-16T20:22:54.082584" elapsed="0.000806"/>
</return>
<arg>Vérification page Saucelabs</arg>
<arg>Verify Saucelabs Page Opened</arg>
<doc>Exécute une étape de test avec logging amélioré
Permet de tracer clairement chaque action dans les logs</doc>
<status status="PASS" start="2026-01-16T20:22:54.044034" elapsed="0.041527"/>
</kw>
<kw name="Execute Test Step">
<kw name="Log" owner="BuiltIn">
<msg time="2026-01-16T20:22:54.089978" level="INFO">▶ Retour automatique à inventory</msg>
<arg>▶ ${step_name}</arg>
<arg>console=yes</arg>
<doc>Logs the given message with the given level.</doc>
<status status="PASS" start="2026-01-16T20:22:54.089123" elapsed="0.001789"/>
</kw>
<kw name="Run Keyword And Ignore Error" owner="BuiltIn">
<kw name="Return To Inventory Page" owner="Lib3">
<msg time="2026-01-16T20:22:54.500067" level="INFO">URL actuelle avant retour: https://saucelabs.com/
Nombre de fenêtres ouvertes: 1
URL après switch: https://saucelabs.com/
Navigation vers la page inventory...
✓ Retour à la page inventory: https://www.saucedemo.com/inventory.html</msg>
<arg>@{args}</arg>
<doc>Retourne à la page inventory depuis n'importe quelle page</doc>
<status status="PASS" start="2026-01-16T20:22:54.092428" elapsed="0.408468"/>
</kw>
<msg time="2026-01-16T20:22:54.501427" level="INFO">${status} = PASS</msg>
<msg time="2026-01-16T20:22:54.501904" level="INFO">${result} = https://www.saucedemo.com/inventory.html</msg>
<var>${status}</var>
<var>${result}</var>
<arg>${keyword_name}</arg>
<arg>@{args}</arg>
<doc>Runs the given keyword with the given arguments and ignores possible error.</doc>
<status status="PASS" start="2026-01-16T20:22:54.091269" elapsed="0.411065"/>
</kw>
<kw name="Run Keyword If" owner="BuiltIn">
<kw name="Log" owner="BuiltIn">
<msg time="2026-01-16T20:22:54.506661" level="INFO">✓ Retour automatique à inventory: RÉUSSI</msg>
<arg>✓ ${step_name}: RÉUSSI</arg>
<arg>console=yes</arg>
<arg>level=INFO</arg>
<doc>Logs the given message with the given level.</doc>
<status status="PASS" start="2026-01-16T20:22:54.505340" elapsed="0.002369"/>
</kw>
<arg>'${status}' == 'PASS'</arg>
<arg>Log</arg>
<arg>✓ ${step_name}: RÉUSSI</arg>
<arg>console=yes</arg>
<arg>level=INFO</arg>
<arg>ELSE</arg>
<arg>Run Keyword And Continue On Failure</arg>
<arg>Fail</arg>
<arg>${step_name}: ${result}</arg>
<doc>Runs the given keyword with the given arguments, if ``condition`` is true.</doc>
<status status="PASS" start="2026-01-16T20:22:54.503164" elapsed="0.004841"/>
</kw>
<return>
<value>${status}</value>
<value>${result}</value>
<status status="PASS" start="2026-01-16T20:22:54.508303" elapsed="0.000292"/>
</return>
<arg>Retour automatique à inventory</arg>
<arg>Return To Inventory Page</arg>
<doc>Exécute une étape de test avec logging amélioré
Permet de tracer clairement chaque action dans les logs</doc>
<status status="PASS" start="2026-01-16T20:22:54.087107" elapsed="0.421893"/>
</kw>
<kw name="Get Current URL" owner="Lib1">
<msg time="2026-01-16T20:22:54.517013" level="INFO">${current_url} = https://www.saucedemo.com/inventory.html</msg>
<var>${current_url}</var>
<doc>Retourne l'URL actuelle</doc>
<status status="PASS" start="2026-01-16T20:22:54.509664" elapsed="0.007978"/>
</kw>
<kw name="Should Contain" owner="BuiltIn">
<arg>${current_url}</arg>
<arg>inventory</arg>
<arg>msg=Pas sur la page inventory après le test About</arg>
<doc>Fails if ``container`` does not contain ``item`` one or more times.</doc>
<status status="PASS" start="2026-01-16T20:22:54.519200" elapsed="0.002966"/>
</kw>
<kw name="Log" owner="BuiltIn">
<msg time="2026-01-16T20:22:54.523339" level="INFO">=== ✓ TEST ABOUT TERMINE ===</msg>
<arg>=== ✓ TEST ABOUT TERMINE ===</arg>
<arg>console=yes</arg>
<doc>Logs the given message with the given level.</doc>
<status status="PASS" start="2026-01-16T20:22:54.522728" elapsed="0.001308"/>
</kw>
<doc>Test de l'option "About" du menu burger
Vérifie la redirection vers Saucelabs et le retour</doc>
<tag>about</tag>
<tag>burger_menu</tag>
<tag>standard_user</tag>
<status status="PASS" start="2026-01-16T20:22:49.296566" elapsed="5.227919"/>
</test>
<test id="s1-s1-s1-t4" name="Test Reset App State Standard User" line="88">
<kw name="Log" owner="BuiltIn">
<msg time="2026-01-16T20:22:54.556821" level="INFO">=== TEST RESET APP STATE - STANDARD USER ===</msg>
<arg>=== TEST RESET APP STATE - STANDARD USER ===</arg>
<arg>console=yes</arg>
<doc>Logs the given message with the given level.</doc>
<status status="PASS" start="2026-01-16T20:22:54.555778" elapsed="0.001953"/>
</kw>
<kw name="Execute Test Step">
<kw name="Log" owner="BuiltIn">
<msg time="2026-01-16T20:22:54.561592" level="INFO">▶ Ajout d'un produit au panier</msg>
<arg>▶ ${step_name}</arg>
<arg>console=yes</arg>
<doc>Logs the given message with the given level.</doc>
<status status="PASS" start="2026-01-16T20:22:54.560331" elapsed="0.003145"/>
</kw>
<kw name="Run Keyword And Ignore Error" owner="BuiltIn">
<kw name="Add Product To Cart" owner="Lib3">
<msg time="2026-01-16T20:23:05.497405" level="INFO">Recherche du produit: Sauce Labs Backpack
Sélecteur: button[data-test='add-to-cart-sauce-labs-backpack']
✓ Produit 'Sauce Labs Backpack' ajouté au panier</msg>
<arg>@{args}</arg>
<doc>Ajoute un produit au panier
Args:
    product_name: Nom du produit à ajouter (par défaut: Sauce Labs Backpack)</doc>
<status status="PASS" start="2026-01-16T20:22:54.565597" elapsed="10.932808"/>
</kw>
<msg time="2026-01-16T20:23:05.498883" level="INFO">${status} = PASS</msg>
<msg time="2026-01-16T20:23:05.499204" level="INFO">${result} = None</msg>
<var>${status}</var>
<var>${result}</var>
<arg>${keyword_name}</arg>
<arg>@{args}</arg>
<doc>Runs the given keyword with the given arguments and ignores possible error.</doc>
<status status="PASS" start="2026-01-16T20:22:54.564017" elapsed="10.935448"/>
</kw>
<kw name="Run Keyword If" owner="BuiltIn">
<kw name="Log" owner="BuiltIn">
<msg time="2026-01-16T20:23:05.502179" level="INFO">✓ Ajout d'un produit au panier: RÉUSSI</msg>
<arg>✓ ${step_name}: RÉUSSI</arg>
<arg>console=yes</arg>
<arg>level=INFO</arg>
<doc>Logs the given message with the given level.</doc>
<status status="PASS" start="2026-01-16T20:23:05.501297" elapsed="0.001459"/>
</kw>
<arg>'${status}' == 'PASS'</arg>
<arg>Log</arg>
<arg>✓ ${step_name}: RÉUSSI</arg>
<arg>console=yes</arg>
<arg>level=INFO</arg>
<arg>ELSE</arg>
<arg>Run Keyword And Continue On Failure</arg>
<arg>Fail</arg>
<arg>${step_name}: ${result}</arg>
<doc>Runs the given keyword with the given arguments, if ``condition`` is true.</doc>
<status status="PASS" start="2026-01-16T20:23:05.499868" elapsed="0.003085"/>
</kw>
<return>
<value>${status}</value>
<value>${result}</value>
<status status="PASS" start="2026-01-16T20:23:05.503260" elapsed="0.000250"/>
</return>
<arg>Ajout d'un produit au panier</arg>
<arg>Add Product To Cart</arg>
<arg>Sauce Labs Backpack</arg>
<doc>Exécute une étape de test avec logging amélioré
Permet de tracer clairement chaque action dans les logs</doc>
<status status="PASS" start="2026-01-16T20:22:54.558741" elapsed="10.945032"/>
</kw>
<kw name="Execute Test Step">
<kw name="Log" owner="BuiltIn">
<msg time="2026-01-16T20:23:05.505418" level="INFO">▶ Ouverture du menu burger</msg>
<arg>▶ ${step_name}</arg>
<arg>console=yes</arg>
<doc>Logs the given message with the given level.</doc>
<status status="PASS" start="2026-01-16T20:23:05.504760" elapsed="0.001158"/>
</kw>
<kw name="Run Keyword And Ignore Error" owner="BuiltIn">
<kw name="Open Burger Menu" owner="Lib3">
<msg time="2026-01-16T20:23:16.433782" level="INFO">Tentative d'ouverture du menu burger...
URL actuelle: https://www.saucedemo.com/inventory.html
✓ Bouton menu burger trouvé
✓ Bouton menu burger visible
Clic sur le bouton menu burger...
✓ Menu burger ouvert avec succès</msg>
<arg>@{args}</arg>
<doc>Ouvre le menu burger</doc>
<status status="PASS" start="2026-01-16T20:23:05.507087" elapsed="10.927462"/>
</kw>
<msg time="2026-01-16T20:23:16.434894" level="INFO">${status} = PASS</msg>
<msg time="2026-01-16T20:23:16.435199" level="INFO">${result} = None</msg>
<var>${status}</var>
<var>${result}</var>
<arg>${keyword_name}</arg>
<arg>@{args}</arg>
<doc>Runs the given keyword with the given arguments and ignores possible error.</doc>
<status status="PASS" start="2026-01-16T20:23:05.506303" elapsed="10.929221"/>
</kw>
<kw name="Run Keyword If" owner="BuiltIn">
<kw name="Log" owner="BuiltIn">
<msg time="2026-01-16T20:23:16.437955" level="INFO">✓ Ouverture du menu burger: RÉUSSI</msg>
<arg>✓ ${step_name}: RÉUSSI</arg>
<arg>console=yes</arg>
<arg>level=INFO</arg>
<doc>Logs the given message with the given level.</doc>
<status status="PASS" start="2026-01-16T20:23:16.437147" elapsed="0.001420"/>
</kw>
<arg>'${status}' == 'PASS'</arg>
<arg>Log</arg>
<arg>✓ ${step_name}: RÉUSSI</arg>
<arg>console=yes</arg>
<arg>level=INFO</arg>
<arg>ELSE</arg>
<arg>Run Keyword And Continue On Failure</arg>
<arg>Fail</arg>
<arg>${step_name}: ${result}</arg>
<doc>Runs the given keyword with the given arguments, if ``condition`` is true.</doc>
<status status="PASS" start="2026-01-16T20:23:16.435914" elapsed="0.002852"/>
</kw>
<return>
<value>${status}</value>
<value>${result}</value>
<status status="PASS" start="2026-01-16T20:23:16.438948" elapsed="0.000204"/>
</return>
<arg>Ouverture du menu burger</arg>
<arg>Open Burger Menu</arg>
<doc>Exécute une étape de test avec logging amélioré
Permet de tracer clairement chaque action dans les logs</doc>
<status status="PASS" start="2026-01-16T20:23:05.504228" elapsed="10.935238"/>
</kw>
<kw name="Execute Test Step">
<kw name="Log" owner="BuiltIn">
<msg time="2026-01-16T20:23:16.440991" level="INFO">▶ Clic Reset App State</msg>
<arg>▶ ${step_name}</arg>
<arg>console=yes</arg>
<doc>Logs the given message with the given level.</doc>
<status status="PASS" start="2026-01-16T20:23:16.440492" elapsed="0.000898"/>
</kw>
<kw name="Run Keyword And Ignore Error" owner="BuiltIn">
<kw name="Click Reset App State" owner="Lib3">
<msg time="2026-01-16T20:23:17.484552" level="INFO">✓ Cliqué sur 'Reset App State'</msg>
<arg>@{args}</arg>
<doc>Clique sur l'option 'Reset App State' du menu</doc>
<status status="PASS" start="2026-01-16T20:23:16.442745" elapsed="1.043300"/>
</kw>
<msg time="2026-01-16T20:23:17.486728" level="INFO">${status} = PASS</msg>
<msg time="2026-01-16T20:23:17.487482" level="INFO">${result} = None</msg>
<var>${status}</var>
<var>${result}</var>
<arg>${keyword_name}</arg>
<arg>@{args}</arg>
<doc>Runs the given keyword with the given arguments and ignores possible error.</doc>
<status status="PASS" start="2026-01-16T20:23:16.441697" elapsed="1.046059"/>
</kw>
<kw name="Run Keyword If" owner="BuiltIn">
<kw name="Log" owner="BuiltIn">
<msg time="2026-01-16T20:23:17.490224" level="INFO">✓ Clic Reset App State: RÉUSSI</msg>
<arg>✓ ${step_name}: RÉUSSI</arg>
<arg>console=yes</arg>
<arg>level=INFO</arg>
<doc>Logs the given message with the given level.</doc>
<status status="PASS" start="2026-01-16T20:23:17.489544" elapsed="0.001229"/>
</kw>
<arg>'${status}' == 'PASS'</arg>
<arg>Log</arg>
<arg>✓ ${step_name}: RÉUSSI</arg>
<arg>console=yes</arg>
<arg>level=INFO</arg>
<arg>ELSE</arg>
<arg>Run Keyword And Continue On Failure</arg>
<arg>Fail</arg>
<arg>${step_name}: ${result}</arg>
<doc>Runs the given keyword with the given arguments, if ``condition`` is true.</doc>
<status status="PASS" start="2026-01-16T20:23:17.488247" elapsed="0.002811"/>
</kw>
<return>
<value>${status}</value>
<value>${result}</value>
<status status="PASS" start="2026-01-16T20:23:17.491371" elapsed="0.000231"/>
</return>
<arg>Clic Reset App State</arg>
<arg>Click Reset App State</arg>
<doc>Exécute une étape de test avec logging amélioré
Permet de tracer clairement chaque action dans les logs</doc>
<status status="PASS" start="2026-01-16T20:23:16.439974" elapsed="1.051891"/>
</kw>
<kw name="Execute Test Step">
<kw name="Log" owner="BuiltIn">
<msg time="2026-01-16T20:23:17.493272" level="INFO">▶ Vérification badge panier vide</msg>
<arg>▶ ${step_name}</arg>
<arg>console=yes</arg>
<doc>Logs the given message with the given level.</doc>
<status status="PASS" start="2026-01-16T20:23:17.492807" elapsed="0.000861"/>
</kw>
<kw name="Run Keyword And Ignore Error" owner="BuiltIn">
<kw name="Verify Cart Is Empty" owner="Lib3">
<msg time="2026-01-16T20:23:28.134515" level="INFO">Menu déjà ouvert, fermeture...
✓ Menu burger fermé
✓ Le panier est vide (pas de badge)</msg>
<arg>@{args}</arg>
<doc>Vérifie que le panier est vide (badge absent)</doc>
<status status="PASS" start="2026-01-16T20:23:17.495506" elapsed="10.639519"/>
</kw>
<msg time="2026-01-16T20:23:28.135428" level="INFO">${status} = PASS</msg>
<msg time="2026-01-16T20:23:28.135867" level="INFO">${result} = None</msg>
<var>${status}</var>
<var>${result}</var>
<arg>${keyword_name}</arg>
<arg>@{args}</arg>
<doc>Runs the given keyword with the given arguments and ignores possible error.</doc>
<status status="PASS" start="2026-01-16T20:23:17.494372" elapsed="10.641649"/>
</kw>
<kw name="Run Keyword If" owner="BuiltIn">
<kw name="Log" owner="BuiltIn">
<msg time="2026-01-16T20:23:28.138508" level="INFO">✓ Vérification badge panier vide: RÉUSSI</msg>
<arg>✓ ${step_name}: RÉUSSI</arg>
<arg>console=yes</arg>
<arg>level=INFO</arg>
<doc>Logs the given message with the given level.</doc>
<status status="PASS" start="2026-01-16T20:23:28.137616" elapsed="0.001591"/>
</kw>
<arg>'${status}' == 'PASS'</arg>
<arg>Log</arg>
<arg>✓ ${step_name}: RÉUSSI</arg>
<arg>console=yes</arg>
<arg>level=INFO</arg>
<arg>ELSE</arg>
<arg>Run Keyword And Continue On Failure</arg>
<arg>Fail</arg>
<arg>${step_name}: ${result}</arg>
<doc>Runs the given keyword with the given arguments, if ``condition`` is true.</doc>
<status status="PASS" start="2026-01-16T20:23:28.136309" elapsed="0.003109"/>
</kw>
<return>
<value>${status}</value>
<value>${result}</value>
<status status="PASS" start="2026-01-16T20:23:28.139773" elapsed="0.000192"/>
</return>
<arg>Vérification badge panier vide</arg>
<arg>Verify Cart Is Empty</arg>
<doc>Exécute une étape de test avec logging amélioré
Permet de tracer clairement chaque action dans les logs</doc>
<status status="PASS" start="2026-01-16T20:23:17.492315" elapsed="10.647906"/>
</kw>
<kw name="Execute Test Step">
<kw name="Log" owner="BuiltIn">
<msg time="2026-01-16T20:23:28.141636" level="INFO">▶ Vérification bouton Add to cart</msg>
<arg>▶ ${step_name}</arg>
<arg>console=yes</arg>
<doc>Logs the given message with the given level.</doc>
<status status="PASS" start="2026-01-16T20:23:28.141159" elapsed="0.000978"/>
</kw>
<kw name="Run Keyword And Ignore Error" owner="BuiltIn">
<kw name="Verify Product Button State" owner="Lib3">
<msg time="2026-01-16T20:23:48.607657" level="FAIL">Le bouton 'Add to cart' est introuvable pour 'Sauce Labs Backpack'</msg>
<arg>@{args}</arg>
<doc>Vérifie l'état du bouton d'un produit (Add to cart ou Remove)
Args:
    product_name: Nom du produit à vérifier
    expected_state: État attendu ('add' ou 'remove')</doc>
<status status="FAIL" start="2026-01-16T20:23:28.143455" elapsed="20.583835">Le bouton 'Add to cart' est introuvable pour 'Sauce Labs Backpack'</status>
</kw>
<msg time="2026-01-16T20:23:48.727769" level="INFO">${status} = FAIL</msg>
<msg time="2026-01-16T20:23:48.728431" level="INFO">${result} = Le bouton 'Add to cart' est introuvable pour 'Sauce Labs Backpack'</msg>
<var>${status}</var>
<var>${result}</var>
<arg>${keyword_name}</arg>
<arg>@{args}</arg>
<doc>Runs the given keyword with the given arguments and ignores possible error.</doc>
<status status="PASS" start="2026-01-16T20:23:28.142462" elapsed="20.586224"/>
</kw>
<kw name="Run Keyword If" owner="BuiltIn">
<kw name="Run Keyword And Continue On Failure" owner="BuiltIn">
<kw name="Fail" owner="BuiltIn">
<msg time="2026-01-16T20:23:48.731470" level="FAIL">Vérification bouton Add to cart: Le bouton 'Add to cart' est introuvable pour 'Sauce Labs Backpack'</msg>
<arg>${step_name}: ${result}</arg>
<doc>Fails the test with the given message and optionally alters its tags.</doc>
<status status="FAIL" start="2026-01-16T20:23:48.730775" elapsed="0.006916">Vérification bouton Add to cart: Le bouton 'Add to cart' est introuvable pour 'Sauce Labs Backpack'</status>
</kw>
<arg>Fail</arg>
<arg>${step_name}: ${result}</arg>
<doc>Runs the keyword and continues execution even if a failure occurs.</doc>
<status status="FAIL" start="2026-01-16T20:23:48.730149" elapsed="0.007772">Vérification bouton Add to cart: Le bouton 'Add to cart' est introuvable pour 'Sauce Labs Backpack'</status>
</kw>
<arg>'${status}' == 'PASS'</arg>
<arg>Log</arg>
<arg>✓ ${step_name}: RÉUSSI</arg>
<arg>console=yes</arg>
<arg>level=INFO</arg>
<arg>ELSE</arg>
<arg>Run Keyword And Continue On Failure</arg>
<arg>Fail</arg>
<arg>${step_name}: ${result}</arg>
<doc>Runs the given keyword with the given arguments, if ``condition`` is true.</doc>
<status status="FAIL" start="2026-01-16T20:23:48.729028" elapsed="0.009039">Vérification bouton Add to cart: Le bouton 'Add to cart' est introuvable pour 'Sauce Labs Backpack'</status>
</kw>
<return>
<value>${status}</value>
<value>${result}</value>
<status status="PASS" start="2026-01-16T20:23:48.738254" elapsed="0.000408"/>
</return>
<arg>Vérification bouton Add to cart</arg>
<arg>Verify Product Button State</arg>
<arg>Sauce Labs Backpack</arg>
<arg>add</arg>
<doc>Exécute une étape de test avec logging amélioré
Permet de tracer clairement chaque action dans les logs</doc>
<status status="FAIL" start="2026-01-16T20:23:28.140662" elapsed="20.598473">Vérification bouton Add to cart: Le bouton 'Add to cart' est introuvable pour 'Sauce Labs Backpack'</status>
</kw>
<kw name="Log" owner="BuiltIn">
<msg time="2026-01-16T20:23:48.740509" level="INFO">=== ✓ TEST RESET APP STATE TERMINE ===</msg>
<arg>=== ✓ TEST RESET APP STATE TERMINE ===</arg>
<arg>console=yes</arg>
<doc>Logs the given message with the given level.</doc>
<status status="PASS" start="2026-01-16T20:23:48.739823" elapsed="0.001152"/>
</kw>
<doc>Test de l'option "Reset App State" du menu burger
Vérifie que le badge du panier est vidé et que les boutons sont restaurés</doc>
<tag>burger_menu</tag>
<tag>critical</tag>
<tag>reset</tag>
<tag>standard_user</tag>
<status status="FAIL" start="2026-01-16T20:22:54.539605" elapsed="54.201849">Vérification bouton Add to cart: Le bouton 'Add to cart' est introuvable pour 'Sauce Labs Backpack'</status>
</test>
<test id="s1-s1-s1-t5" name="Test Logout Standard User" line="113">
<kw name="Log" owner="BuiltIn">
<msg time="2026-01-16T20:23:48.774678" level="INFO">=== TEST LOGOUT - STANDARD USER ===</msg>
<arg>=== TEST LOGOUT - STANDARD USER ===</arg>
<arg>console=yes</arg>
<doc>Logs the given message with the given level.</doc>
<status status="PASS" start="2026-01-16T20:23:48.773444" elapsed="0.002579"/>
</kw>
<kw name="Execute Test Step">
<kw name="Log" owner="BuiltIn">
<msg time="2026-01-16T20:23:48.779196" level="INFO">▶ Ouverture du menu burger</msg>
<arg>▶ ${step_name}</arg>
<arg>console=yes</arg>
<doc>Logs the given message with the given level.</doc>
<status status="PASS" start="2026-01-16T20:23:48.778596" elapsed="0.001414"/>
</kw>
<kw name="Run Keyword And Ignore Error" owner="BuiltIn">
<kw name="Open Burger Menu" owner="Lib3">
<msg time="2026-01-16T20:23:59.677381" level="INFO">Tentative d'ouverture du menu burger...
URL actuelle: https://www.saucedemo.com/inventory.html
✓ Bouton menu burger trouvé
✓ Bouton menu burger visible
Clic sur le bouton menu burger...
✓ Menu burger ouvert avec succès</msg>
<arg>@{args}</arg>
<doc>Ouvre le menu burger</doc>
<status status="PASS" start="2026-01-16T20:23:48.781176" elapsed="10.896679"/>
</kw>
<msg time="2026-01-16T20:23:59.678202" level="INFO">${status} = PASS</msg>
<msg time="2026-01-16T20:23:59.678624" level="INFO">${result} = None</msg>
<var>${status}</var>
<var>${result}</var>
<arg>${keyword_name}</arg>
<arg>@{args}</arg>
<doc>Runs the given keyword with the given arguments and ignores possible error.</doc>
<status status="PASS" start="2026-01-16T20:23:48.780354" elapsed="10.898645"/>
</kw>
<kw name="Run Keyword If" owner="BuiltIn">
<kw name="Log" owner="BuiltIn">
<msg time="2026-01-16T20:23:59.682424" level="INFO">✓ Ouverture du menu burger: RÉUSSI</msg>
<arg>✓ ${step_name}: RÉUSSI</arg>
<arg>console=yes</arg>
<arg>level=INFO</arg>
<doc>Logs the given message with the given level.</doc>
<status status="PASS" start="2026-01-16T20:23:59.680974" elapsed="0.002092"/>
</kw>
<arg>'${status}' == 'PASS'</arg>
<arg>Log</arg>
<arg>✓ ${step_name}: RÉUSSI</arg>
<arg>console=yes</arg>
<arg>level=INFO</arg>
<arg>ELSE</arg>
<arg>Run Keyword And Continue On Failure</arg>
<arg>Fail</arg>
<arg>${step_name}: ${result}</arg>
<doc>Runs the given keyword with the given arguments, if ``condition`` is true.</doc>
<status status="PASS" start="2026-01-16T20:23:59.679354" elapsed="0.003937"/>
</kw>
<return>
<value>${status}</value>
<value>${result}</value>
<status status="PASS" start="2026-01-16T20:23:59.683587" elapsed="0.000248"/>
</return>
<arg>Ouverture du menu burger</arg>
<arg>Open Burger Menu</arg>
<doc>Exécute une étape de test avec logging amélioré
Permet de tracer clairement chaque action dans les logs</doc>
<status status="PASS" start="2026-01-16T20:23:48.776938" elapsed="10.907238"/>
</kw>
<kw name="Execute Test Step">
<kw name="Log" owner="BuiltIn">
<msg time="2026-01-16T20:23:59.686365" level="INFO">▶ Clic Logout</msg>
<arg>▶ ${step_name}</arg>
<arg>console=yes</arg>
<doc>Logs the given message with the given level.</doc>
<status status="PASS" start="2026-01-16T20:23:59.685563" elapsed="0.001391"/>
</kw>
<kw name="Run Keyword And Ignore Error" owner="BuiltIn">
<kw name="Click Logout" owner="Lib3">
<msg time="2026-01-16T20:23:59.752752" level="INFO">✓ Cliqué sur 'Logout'</msg>
<arg>@{args}</arg>
<doc>Clique sur l'option 'Logout' du menu</doc>
<status status="PASS" start="2026-01-16T20:23:59.688044" elapsed="0.065581"/>
</kw>
<msg time="2026-01-16T20:23:59.754186" level="INFO">${status} = PASS</msg>
<msg time="2026-01-16T20:23:59.754597" level="INFO">${result} = None</msg>
<var>${status}</var>
<var>${result}</var>
<arg>${keyword_name}</arg>
<arg>@{args}</arg>
<doc>Runs the given keyword with the given arguments and ignores possible error.</doc>
<status status="PASS" start="2026-01-16T20:23:59.687318" elapsed="0.068179"/>
</kw>
<kw name="Run Keyword If" owner="BuiltIn">
<kw name="Log" owner="BuiltIn">
<msg time="2026-01-16T20:23:59.760984" level="INFO">✓ Clic Logout: RÉUSSI</msg>
<arg>✓ ${step_name}: RÉUSSI</arg>
<arg>console=yes</arg>
<arg>level=INFO</arg>
<doc>Logs the given message with the given level.</doc>
<status status="PASS" start="2026-01-16T20:23:59.758905" elapsed="0.003675"/>
</kw>
<arg>'${status}' == 'PASS'</arg>
<arg>Log</arg>
<arg>✓ ${step_name}: RÉUSSI</arg>
<arg>console=yes</arg>
<arg>level=INFO</arg>
<arg>ELSE</arg>
<arg>Run Keyword And Continue On Failure</arg>
<arg>Fail</arg>
<arg>${step_name}: ${result}</arg>
<doc>Runs the given keyword with the given arguments, if ``condition`` is true.</doc>
<status status="PASS" start="2026-01-16T20:23:59.756379" elapsed="0.007011"/>
</kw>
<return>
<value>${status}</value>
<value>${result}</value>
<status status="PASS" start="2026-01-16T20:23:59.764516" elapsed="0.000266"/>
</return>
<arg>Clic Logout</arg>
<arg>Click Logout</arg>
<doc>Exécute une étape de test avec logging amélioré
Permet de tracer clairement chaque action dans les logs</doc>
<status status="PASS" start="2026-01-16T20:23:59.684822" elapsed="0.080670"/>
</kw>
<kw name="Execute Test Step">
<kw name="Log" owner="BuiltIn">
<msg time="2026-01-16T20:23:59.768229" level="INFO">▶ Vérification page login</msg>
<arg>▶ ${step_name}</arg>
<arg>console=yes</arg>
<doc>Logs the given message with the given level.</doc>
<status status="PASS" start="2026-01-16T20:23:59.767294" elapsed="0.002678"/>
</kw>
<kw name="Run Keyword And Ignore Error" owner="BuiltIn">
<kw name="Verify Login Page Is Displayed" owner="Lib2">
<msg time="2026-01-16T20:23:59.862363" level="INFO">✓ Page de login affichée correctement</msg>
<arg>@{args}</arg>
<doc>Vérifie que la page de login est affichée</doc>
<status status="PASS" start="2026-01-16T20:23:59.773883" elapsed="0.088931"/>
</kw>
<msg time="2026-01-16T20:23:59.863201" level="INFO">${status} = PASS</msg>
<msg time="2026-01-16T20:23:59.863620" level="INFO">${result} = None</msg>
<var>${status}</var>
<var>${result}</var>
<arg>${keyword_name}</arg>
<arg>@{args}</arg>
<doc>Runs the given keyword with the given arguments and ignores possible error.</doc>
<status status="PASS" start="2026-01-16T20:23:59.770901" elapsed="0.093142"/>
</kw>
<kw name="Run Keyword If" owner="BuiltIn">
<kw name="Log" owner="BuiltIn">
<msg time="2026-01-16T20:23:59.866197" level="INFO">✓ Vérification page login: RÉUSSI</msg>
<arg>✓ ${step_name}: RÉUSSI</arg>
<arg>console=yes</arg>
<arg>level=INFO</arg>
<doc>Logs the given message with the given level.</doc>
<status status="PASS" start="2026-01-16T20:23:59.865376" elapsed="0.001526"/>
</kw>
<arg>'${status}' == 'PASS'</arg>
<arg>Log</arg>
<arg>✓ ${step_name}: RÉUSSI</arg>
<arg>console=yes</arg>
<arg>level=INFO</arg>
<arg>ELSE</arg>
<arg>Run Keyword And Continue On Failure</arg>
<arg>Fail</arg>
<arg>${step_name}: ${result}</arg>
<doc>Runs the given keyword with the given arguments, if ``condition`` is true.</doc>
<status status="PASS" start="2026-01-16T20:23:59.864361" elapsed="0.002785"/>
</kw>
<return>
<value>${status}</value>
<value>${result}</value>
<status status="PASS" start="2026-01-16T20:23:59.867320" elapsed="0.000243"/>
</return>
<arg>Vérification page login</arg>
<arg>Verify Login Page Is Displayed</arg>
<doc>Exécute une étape de test avec logging amélioré
Permet de tracer clairement chaque action dans les logs</doc>
<status status="PASS" start="2026-01-16T20:23:59.766396" elapsed="0.101433"/>
</kw>
<kw name="Log" owner="BuiltIn">
<msg time="2026-01-16T20:23:59.868693" level="INFO">=== ✓ TEST LOGOUT RÉUSSI ===</msg>
<arg>=== ✓ TEST LOGOUT RÉUSSI ===</arg>
<arg>console=yes</arg>
<doc>Logs the given message with the given level.</doc>
<status status="PASS" start="2026-01-16T20:23:59.868200" elapsed="0.000906"/>
</kw>
<doc>Test de l'option "Logout" du menu burger
Vérifie la déconnexion et le retour à la page login</doc>
<tag>burger_menu</tag>
<tag>critical</tag>
<tag>logout</tag>
<tag>standard_user</tag>
<status status="PASS" start="2026-01-16T20:23:48.765674" elapsed="11.103863"/>
</test>
<test id="s1-s1-s1-t6" name="Test Menu Burger Global Problem User" line="136">
<kw name="Log" owner="BuiltIn">
<msg time="2026-01-16T20:23:59.882081" level="INFO">=== TEST MENU BURGER GLOBAL - PROBLEM USER ===</msg>
<arg>=== TEST MENU BURGER GLOBAL - PROBLEM USER ===</arg>
<arg>console=yes</arg>
<doc>Logs the given message with the given level.</doc>
<status status="PASS" start="2026-01-16T20:23:59.881031" elapsed="0.001814"/>
</kw>
<kw name="Open Browser To URL" owner="Lib1">
<msg time="2026-01-16T20:24:00.012710" level="INFO">✓ Navigateur ouvert à : https://www.saucedemo.com</msg>
<doc>Ouvre le navigateur à l'URL spécifiée ou à l'URL de base</doc>
<status status="PASS" start="2026-01-16T20:23:59.883332" elapsed="0.130888"/>
</kw>
<kw name="Login With Problem User" owner="Lib2">
<msg time="2026-01-16T20:24:00.370994" level="INFO">✓ Connecté avec l'utilisateur problem</msg>
<doc>Se connecte avec l'utilisateur problem</doc>
<status status="PASS" start="2026-01-16T20:24:00.014975" elapsed="0.356490"/>
</kw>
<kw name="Execute Test Step">
<kw name="Log" owner="BuiltIn">
<msg time="2026-01-16T20:24:00.374139" level="INFO">▶ Ouverture du menu burger</msg>
<arg>▶ ${step_name}</arg>
<arg>console=yes</arg>
<doc>Logs the given message with the given level.</doc>
<status status="PASS" start="2026-01-16T20:24:00.373296" elapsed="0.001837"/>
</kw>
<kw name="Run Keyword And Ignore Error" owner="BuiltIn">
<kw name="Open Burger Menu" owner="Lib3">
<msg time="2026-01-16T20:24:11.308843" level="INFO">Tentative d'ouverture du menu burger...
URL actuelle: https://www.saucedemo.com/inventory.html
✓ Bouton menu burger trouvé
✓ Bouton menu burger visible
Clic sur le bouton menu burger...
✓ Menu burger ouvert avec succès</msg>
<arg>@{args}</arg>
<doc>Ouvre le menu burger</doc>
<status status="PASS" start="2026-01-16T20:24:00.376243" elapsed="10.933039"/>
</kw>
<msg time="2026-01-16T20:24:11.309627" level="INFO">${status} = PASS</msg>
<msg time="2026-01-16T20:24:11.310049" level="INFO">${result} = None</msg>
<var>${status}</var>
<var>${result}</var>
<arg>${keyword_name}</arg>
<arg>@{args}</arg>
<doc>Runs the given keyword with the given arguments and ignores possible error.</doc>
<status status="PASS" start="2026-01-16T20:24:00.375512" elapsed="10.934833"/>
</kw>
<kw name="Run Keyword If" owner="BuiltIn">
<kw name="Log" owner="BuiltIn">
<msg time="2026-01-16T20:24:11.312810" level="INFO">✓ Ouverture du menu burger: RÉUSSI</msg>
<arg>✓ ${step_name}: RÉUSSI</arg>
<arg>console=yes</arg>
<arg>level=INFO</arg>
<doc>Logs the given message with the given level.</doc>
<status status="PASS" start="2026-01-16T20:24:11.311821" elapsed="0.001967"/>
</kw>
<arg>'${status}' == 'PASS'</arg>
<arg>Log</arg>
<arg>✓ ${step_name}: RÉUSSI</arg>
<arg>console=yes</arg>
<arg>level=INFO</arg>
<arg>ELSE</arg>
<arg>Run Keyword And Continue On Failure</arg>
<arg>Fail</arg>
<arg>${step_name}: ${result}</arg>
<doc>Runs the given keyword with the given arguments, if ``condition`` is true.</doc>
<status status="PASS" start="2026-01-16T20:24:11.310647" elapsed="0.003504"/>
</kw>
<return>
<value>${status}</value>
<value>${result}</value>
<status status="PASS" start="2026-01-16T20:24:11.314425" elapsed="0.000238"/>
</return>
<arg>Ouverture du menu burger</arg>
<arg>Open Burger Menu</arg>
<doc>Exécute une étape de test avec logging amélioré
Permet de tracer clairement chaque action dans les logs</doc>
<status status="PASS" start="2026-01-16T20:24:00.372460" elapsed="10.942485"/>
</kw>
<kw name="Execute Test Step">
<kw name="Log" owner="BuiltIn">
<msg time="2026-01-16T20:24:11.316765" level="INFO">▶ Vérification menu ouvert</msg>
<arg>▶ ${step_name}</arg>
<arg>console=yes</arg>
<doc>Logs the given message with the given level.</doc>
<status status="PASS" start="2026-01-16T20:24:11.316164" elapsed="0.001149"/>
</kw>
<kw name="Run Keyword And Ignore Error" owner="BuiltIn">
<kw name="Verify Burger Menu Is Open" owner="Lib3">
<msg time="2026-01-16T20:24:11.347205" level="INFO">✓ Menu burger est bien ouvert</msg>
<arg>@{args}</arg>
<doc>Vérifie que le menu burger est ouvert</doc>
<status status="PASS" start="2026-01-16T20:24:11.318596" elapsed="0.029174"/>
</kw>
<msg time="2026-01-16T20:24:11.348240" level="INFO">${status} = PASS</msg>
<msg time="2026-01-16T20:24:11.348673" level="INFO">${result} = None</msg>
<var>${status}</var>
<var>${result}</var>
<arg>${keyword_name}</arg>
<arg>@{args}</arg>
<doc>Runs the given keyword with the given arguments and ignores possible error.</doc>
<status status="PASS" start="2026-01-16T20:24:11.317707" elapsed="0.031202"/>
</kw>
<kw name="Run Keyword If" owner="BuiltIn">
<kw name="Log" owner="BuiltIn">
<msg time="2026-01-16T20:24:11.352186" level="INFO">✓ Vérification menu ouvert: RÉUSSI</msg>
<arg>✓ ${step_name}: RÉUSSI</arg>
<arg>console=yes</arg>
<arg>level=INFO</arg>
<doc>Logs the given message with the given level.</doc>
<status status="PASS" start="2026-01-16T20:24:11.351155" elapsed="0.001970"/>
</kw>
<arg>'${status}' == 'PASS'</arg>
<arg>Log</arg>
<arg>✓ ${step_name}: RÉUSSI</arg>
<arg>console=yes</arg>
<arg>level=INFO</arg>
<arg>ELSE</arg>
<arg>Run Keyword And Continue On Failure</arg>
<arg>Fail</arg>
<arg>${step_name}: ${result}</arg>
<doc>Runs the given keyword with the given arguments, if ``condition`` is true.</doc>
<status status="PASS" start="2026-01-16T20:24:11.349860" elapsed="0.003547"/>
</kw>
<return>
<value>${status}</value>
<value>${result}</value>
<status status="PASS" start="2026-01-16T20:24:11.353657" elapsed="0.000244"/>
</return>
<arg>Vérification menu ouvert</arg>
<arg>Verify Burger Menu Is Open</arg>
<doc>Exécute une étape de test avec logging amélioré
Permet de tracer clairement chaque action dans les logs</doc>
<status status="PASS" start="2026-01-16T20:24:11.315408" elapsed="0.038784"/>
</kw>
<kw name="Execute Test Step">
<kw name="Log" owner="BuiltIn">
<msg time="2026-01-16T20:24:11.358066" level="INFO">▶ Vérification des 4 options</msg>
<arg>▶ ${step_name}</arg>
<arg>console=yes</arg>
<doc>Logs the given message with the given level.</doc>
<status status="PASS" start="2026-01-16T20:24:11.355405" elapsed="0.003361"/>
</kw>
<kw name="Run Keyword And Ignore Error" owner="BuiltIn">
<kw name="Verify Burger Menu Options" owner="Lib3">
<msg time="2026-01-16T20:24:11.478990" level="INFO">✓ Option 'All Items' vérifiée
✓ Option 'About' vérifiée
✓ Option 'Logout' vérifiée
✓ Option 'Reset App State' vérifiée</msg>
<arg>@{args}</arg>
<doc>Vérifie que toutes les options du menu burger sont présentes</doc>
<status status="PASS" start="2026-01-16T20:24:11.359968" elapsed="0.119503"/>
</kw>
<msg time="2026-01-16T20:24:11.479864" level="INFO">${status} = PASS</msg>
<msg time="2026-01-16T20:24:11.480336" level="INFO">${result} = None</msg>
<var>${status}</var>
<var>${result}</var>
<arg>${keyword_name}</arg>
<arg>@{args}</arg>
<doc>Runs the given keyword with the given arguments and ignores possible error.</doc>
<status status="PASS" start="2026-01-16T20:24:11.359084" elapsed="0.121707"/>
</kw>
<kw name="Run Keyword If" owner="BuiltIn">
<kw name="Log" owner="BuiltIn">
<msg time="2026-01-16T20:24:11.484434" level="INFO">✓ Vérification des 4 options: RÉUSSI</msg>
<arg>✓ ${step_name}: RÉUSSI</arg>
<arg>console=yes</arg>
<arg>level=INFO</arg>
<doc>Logs the given message with the given level.</doc>
<status status="PASS" start="2026-01-16T20:24:11.483715" elapsed="0.001411"/>
</kw>
<arg>'${status}' == 'PASS'</arg>
<arg>Log</arg>
<arg>✓ ${step_name}: RÉUSSI</arg>
<arg>console=yes</arg>
<arg>level=INFO</arg>
<arg>ELSE</arg>
<arg>Run Keyword And Continue On Failure</arg>
<arg>Fail</arg>
<arg>${step_name}: ${result}</arg>
<doc>Runs the given keyword with the given arguments, if ``condition`` is true.</doc>
<status status="PASS" start="2026-01-16T20:24:11.481465" elapsed="0.003868"/>
</kw>
<return>
<value>${status}</value>
<value>${result}</value>
<status status="PASS" start="2026-01-16T20:24:11.485517" elapsed="0.000258"/>
</return>
<arg>Vérification des 4 options</arg>
<arg>Verify Burger Menu Options</arg>
<doc>Exécute une étape de test avec logging amélioré
Permet de tracer clairement chaque action dans les logs</doc>
<status status="PASS" start="2026-01-16T20:24:11.354735" elapsed="0.131404"/>
</kw>
<kw name="Close Burger Menu" owner="Lib3">
<msg time="2026-01-16T20:24:12.086717" level="INFO">Menu déjà ouvert, fermeture...
✓ Menu burger fermé</msg>
<doc>Ferme le menu burger s'il est ouvert</doc>
<status status="PASS" start="2026-01-16T20:24:11.486657" elapsed="0.600749"/>
</kw>
<kw name="Log" owner="BuiltIn">
<msg time="2026-01-16T20:24:12.089281" level="INFO">=== ✓ TEST MENU BURGER GLOBAL TERMINE ===</msg>
<arg>=== ✓ TEST MENU BURGER GLOBAL TERMINE ===</arg>
<arg>console=yes</arg>
<doc>Logs the given message with the given level.</doc>
<status status="PASS" start="2026-01-16T20:24:12.088311" elapsed="0.001753"/>
</kw>
<doc>Test d'ouverture du menu burger et vérification des options
pour l'utilisateur problem_user</doc>
<tag>burger_menu</tag>
<tag>known_issue</tag>
<tag>menu_visibility</tag>
<tag>problem_user</tag>
<status status="PASS" start="2026-01-16T20:23:59.875124" elapsed="12.215528"/>
</test>
<test id="s1-s1-s1-t7" name="Test All Items Option For Problem User" line="161">
<kw name="Log" owner="BuiltIn">
<msg time="2026-01-16T20:24:12.113902" level="INFO">=== TEST ALL ITEMS - PROBLEM USER ===</msg>
<arg>=== TEST ALL ITEMS - PROBLEM USER ===</arg>
<arg>console=yes</arg>
<doc>Logs the given message with the given level.</doc>
<status status="PASS" start="2026-01-16T20:24:12.112741" elapsed="0.002007"/>
</kw>
<kw name="Execute Test Step">
<kw name="Log" owner="BuiltIn">
<msg time="2026-01-16T20:24:12.117618" level="INFO">▶ Ouverture du menu burger</msg>
<arg>▶ ${step_name}</arg>
<arg>console=yes</arg>
<doc>Logs the given message with the given level.</doc>
<status status="PASS" start="2026-01-16T20:24:12.116424" elapsed="0.002174"/>
</kw>
<kw name="Run Keyword And Ignore Error" owner="BuiltIn">
<kw name="Open Burger Menu" owner="Lib3">
<msg time="2026-01-16T20:24:23.044979" level="INFO">Tentative d'ouverture du menu burger...
URL actuelle: https://www.saucedemo.com/inventory.html
✓ Bouton menu burger trouvé
✓ Bouton menu burger visible
Clic sur le bouton menu burger...
✓ Menu burger ouvert avec succès</msg>
<arg>@{args}</arg>
<doc>Ouvre le menu burger</doc>
<status status="PASS" start="2026-01-16T20:24:12.120253" elapsed="10.925164"/>
</kw>
<msg time="2026-01-16T20:24:23.045767" level="INFO">${status} = PASS</msg>
<msg time="2026-01-16T20:24:23.046238" level="INFO">${result} = None</msg>
<var>${status}</var>
<var>${result}</var>
<arg>${keyword_name}</arg>
<arg>@{args}</arg>
<doc>Runs the given keyword with the given arguments and ignores possible error.</doc>
<status status="PASS" start="2026-01-16T20:24:12.119003" elapsed="10.927690"/>
</kw>
<kw name="Run Keyword If" owner="BuiltIn">
<kw name="Log" owner="BuiltIn">
<msg time="2026-01-16T20:24:23.050277" level="INFO">✓ Ouverture du menu burger: RÉUSSI</msg>
<arg>✓ ${step_name}: RÉUSSI</arg>
<arg>console=yes</arg>
<arg>level=INFO</arg>
<doc>Logs the given message with the given level.</doc>
<status status="PASS" start="2026-01-16T20:24:23.048901" elapsed="0.002853"/>
</kw>
<arg>'${status}' == 'PASS'</arg>
<arg>Log</arg>
<arg>✓ ${step_name}: RÉUSSI</arg>
<arg>console=yes</arg>
<arg>level=INFO</arg>
<arg>ELSE</arg>
<arg>Run Keyword And Continue On Failure</arg>
<arg>Fail</arg>
<arg>${step_name}: ${result}</arg>
<doc>Runs the given keyword with the given arguments, if ``condition`` is true.</doc>
<status status="PASS" start="2026-01-16T20:24:23.047382" elapsed="0.004726"/>
</kw>
<return>
<value>${status}</value>
<value>${result}</value>
<status status="PASS" start="2026-01-16T20:24:23.052379" elapsed="0.000267"/>
</return>
<arg>Ouverture du menu burger</arg>
<arg>Open Burger Menu</arg>
<doc>Exécute une étape de test avec logging amélioré
Permet de tracer clairement chaque action dans les logs</doc>
<status status="PASS" start="2026-01-16T20:24:12.115484" elapsed="10.937480"/>
</kw>
<kw name="Run Keyword And Ignore Error" owner="BuiltIn">
<kw name="Click All Items" owner="Lib3">
<msg time="2026-01-16T20:24:23.604542" level="INFO">✓ Cliqué sur 'All Items'</msg>
<doc>Clique sur l'option 'All Items' du menu</doc>
<status status="PASS" start="2026-01-16T20:24:23.053901" elapsed="0.551605"/>
</kw>
<msg time="2026-01-16T20:24:23.605974" level="INFO">${status} = PASS</msg>
<msg time="2026-01-16T20:24:23.606431" level="INFO">${current_url} = https://www.saucedemo.com/inventory.html</msg>
<var>${status}</var>
<var>${current_url}</var>
<arg>Click All Items</arg>
<doc>Runs the given keyword with the given arguments and ignores possible error.</doc>
<status status="PASS" start="2026-01-16T20:24:23.053361" elapsed="0.553269"/>
</kw>
<kw name="Run Keyword If" owner="BuiltIn">
<kw name="Execute Test Step">
<kw name="Log" owner="BuiltIn">
<msg time="2026-01-16T20:24:23.611627" level="INFO">▶ Vérification même page</msg>
<arg>▶ ${step_name}</arg>
<arg>console=yes</arg>
<doc>Logs the given message with the given level.</doc>
<status status="PASS" start="2026-01-16T20:24:23.610869" elapsed="0.001659"/>
</kw>
<kw name="Run Keyword And Ignore Error" owner="BuiltIn">
<kw name="Verify Same Page" owner="Lib3">
<msg time="2026-01-16T20:24:23.621715" level="INFO">✓ Resté sur la même page : https://www.saucedemo.com/inventory.html</msg>
<arg>@{args}</arg>
<doc>Vérifie qu'on est resté sur la même page</doc>
<status status="PASS" start="2026-01-16T20:24:23.613817" elapsed="0.008329"/>
</kw>
<msg time="2026-01-16T20:24:23.622528" level="INFO">${status} = PASS</msg>
<msg time="2026-01-16T20:24:23.623001" level="INFO">${result} = None</msg>
<var>${status}</var>
<var>${result}</var>
<arg>${keyword_name}</arg>
<arg>@{args}</arg>
<doc>Runs the given keyword with the given arguments and ignores possible error.</doc>
<status status="PASS" start="2026-01-16T20:24:23.612865" elapsed="0.010537"/>
</kw>
<kw name="Run Keyword If" owner="BuiltIn">
<kw name="Log" owner="BuiltIn">
<msg time="2026-01-16T20:24:23.626737" level="INFO">✓ Vérification même page: RÉUSSI</msg>
<arg>✓ ${step_name}: RÉUSSI</arg>
<arg>console=yes</arg>
<arg>level=INFO</arg>
<doc>Logs the given message with the given level.</doc>
<status status="PASS" start="2026-01-16T20:24:23.625520" elapsed="0.003173"/>
</kw>
<arg>'${status}' == 'PASS'</arg>
<arg>Log</arg>
<arg>✓ ${step_name}: RÉUSSI</arg>
<arg>console=yes</arg>
<arg>level=INFO</arg>
<arg>ELSE</arg>
<arg>Run Keyword And Continue On Failure</arg>
<arg>Fail</arg>
<arg>${step_name}: ${result}</arg>
<doc>Runs the given keyword with the given arguments, if ``condition`` is true.</doc>
<status status="PASS" start="2026-01-16T20:24:23.623815" elapsed="0.005218"/>
</kw>
<return>
<value>${status}</value>
<value>${result}</value>
<status status="PASS" start="2026-01-16T20:24:23.629294" elapsed="0.000307"/>
</return>
<arg>Vérification même page</arg>
<arg>Verify Same Page</arg>
<arg>${current_url}</arg>
<doc>Exécute une étape de test avec logging amélioré
Permet de tracer clairement chaque action dans les logs</doc>
<status status="PASS" start="2026-01-16T20:24:23.610038" elapsed="0.019839"/>
</kw>
<arg>'${status}' == 'PASS'</arg>
<arg>Execute Test Step</arg>
<arg>Vérification même page</arg>
<arg>Verify Same Page</arg>
<arg>${current_url}</arg>
<arg>ELSE</arg>
<arg>Log</arg>
<arg>⚠ Échec lors du clic sur All Items (problem_user)</arg>
<arg>console=yes</arg>
<arg>level=WARN</arg>
<doc>Runs the given keyword with the given arguments, if ``condition`` is true.</doc>
<status status="PASS" start="2026-01-16T20:24:23.608389" elapsed="0.021652"/>
</kw>
<kw name="Log" owner="BuiltIn">
<msg time="2026-01-16T20:24:23.631431" level="INFO">=== ✓ TEST ALL ITEMS TERMINÉ ===</msg>
<arg>=== ✓ TEST ALL ITEMS TERMINÉ ===</arg>
<arg>console=yes</arg>
<doc>Logs the given message with the given level.</doc>
<status status="PASS" start="2026-01-16T20:24:23.630586" elapsed="0.001665"/>
</kw>
<doc>Test de l'option "All Items" du menu burger
pour problem_user</doc>
<tag>all_items</tag>
<tag>burger_menu</tag>
<tag>known_issue</tag>
<tag>problem_user</tag>
<status status="PASS" start="2026-01-16T20:24:12.097901" elapsed="11.535460"/>
</test>
<test id="s1-s1-s1-t8" name="Test About Option Problem User" line="183">
<kw name="Log" owner="BuiltIn">
<msg time="2026-01-16T20:24:23.661038" level="INFO">=== TEST ABOUT - PROBLEM USER ===</msg>
<arg>=== TEST ABOUT - PROBLEM USER ===</arg>
<arg>console=yes</arg>
<doc>Logs the given message with the given level.</doc>
<status status="PASS" start="2026-01-16T20:24:23.659915" elapsed="0.002313"/>
</kw>
<kw name="Execute Test Step">
<kw name="Log" owner="BuiltIn">
<msg time="2026-01-16T20:24:23.664441" level="INFO">▶ Ouverture du menu burger</msg>
<arg>▶ ${step_name}</arg>
<arg>console=yes</arg>
<doc>Logs the given message with the given level.</doc>
<status status="PASS" start="2026-01-16T20:24:23.663803" elapsed="0.001271"/>
</kw>
<kw name="Run Keyword And Ignore Error" owner="BuiltIn">
<kw name="Open Burger Menu" owner="Lib3">
<msg time="2026-01-16T20:24:25.127050" level="INFO">Tentative d'ouverture du menu burger...
URL actuelle: https://www.saucedemo.com/inventory.html
Menu déjà ouvert, fermeture...
✓ Menu burger fermé
✓ Bouton menu burger trouvé
✓ Bouton menu burger visible
Clic sur le bouton menu burger...
✓ Menu burger ouvert avec succès</msg>
<arg>@{args}</arg>
<doc>Ouvre le menu burger</doc>
<status status="PASS" start="2026-01-16T20:24:23.666152" elapsed="1.461345"/>
</kw>
<msg time="2026-01-16T20:24:25.127914" level="INFO">${status} = PASS</msg>
<msg time="2026-01-16T20:24:25.128370" level="INFO">${result} = None</msg>
<var>${status}</var>
<var>${result}</var>
<arg>${keyword_name}</arg>
<arg>@{args}</arg>
<doc>Runs the given keyword with the given arguments and ignores possible error.</doc>
<status status="PASS" start="2026-01-16T20:24:23.665400" elapsed="1.463381"/>
</kw>
<kw name="Run Keyword If" owner="BuiltIn">
<kw name="Log" owner="BuiltIn">
<msg time="2026-01-16T20:24:25.131323" level="INFO">✓ Ouverture du menu burger: RÉUSSI</msg>
<arg>✓ ${step_name}: RÉUSSI</arg>
<arg>console=yes</arg>
<arg>level=INFO</arg>
<doc>Logs the given message with the given level.</doc>
<status status="PASS" start="2026-01-16T20:24:25.130391" elapsed="0.001558"/>
</kw>
<arg>'${status}' == 'PASS'</arg>
<arg>Log</arg>
<arg>✓ ${step_name}: RÉUSSI</arg>
<arg>console=yes</arg>
<arg>level=INFO</arg>
<arg>ELSE</arg>
<arg>Run Keyword And Continue On Failure</arg>
<arg>Fail</arg>
<arg>${step_name}: ${result}</arg>
<doc>Runs the given keyword with the given arguments, if ``condition`` is true.</doc>
<status status="PASS" start="2026-01-16T20:24:25.129185" elapsed="0.002923"/>
</kw>
<return>
<value>${status}</value>
<value>${result}</value>
<status status="PASS" start="2026-01-16T20:24:25.132395" elapsed="0.000214"/>
</return>
<arg>Ouverture du menu burger</arg>
<arg>Open Burger Menu</arg>
<doc>Exécute une étape de test avec logging amélioré
Permet de tracer clairement chaque action dans les logs</doc>
<status status="PASS" start="2026-01-16T20:24:23.662991" elapsed="1.469848"/>
</kw>
<kw name="Execute Test Step">
<kw name="Log" owner="BuiltIn">
<msg time="2026-01-16T20:24:25.134217" level="INFO">▶ Clic sur About</msg>
<arg>▶ ${step_name}</arg>
<arg>console=yes</arg>
<doc>Logs the given message with the given level.</doc>
<status status="PASS" start="2026-01-16T20:24:25.133745" elapsed="0.000877"/>
</kw>
<kw name="Run Keyword And Ignore Error" owner="BuiltIn">
<kw name="Click About" owner="Lib3">
<msg time="2026-01-16T20:24:28.472829" level="INFO">✓ Cliqué sur 'About'</msg>
<arg>@{args}</arg>
<doc>Clique sur l'option 'About' du menu</doc>
<status status="PASS" start="2026-01-16T20:24:25.135754" elapsed="3.337525"/>
</kw>
<msg time="2026-01-16T20:24:28.473667" level="INFO">${status} = PASS</msg>
<msg time="2026-01-16T20:24:28.473984" level="INFO">${result} = None</msg>
<var>${status}</var>
<var>${result}</var>
<arg>${keyword_name}</arg>
<arg>@{args}</arg>
<doc>Runs the given keyword with the given arguments and ignores possible error.</doc>
<status status="PASS" start="2026-01-16T20:24:25.134963" elapsed="3.339649"/>
</kw>
<kw name="Run Keyword If" owner="BuiltIn">
<kw name="Log" owner="BuiltIn">
<msg time="2026-01-16T20:24:28.478963" level="INFO">✓ Clic sur About: RÉUSSI</msg>
<arg>✓ ${step_name}: RÉUSSI</arg>
<arg>console=yes</arg>
<arg>level=INFO</arg>
<doc>Logs the given message with the given level.</doc>
<status status="PASS" start="2026-01-16T20:24:28.477599" elapsed="0.002293"/>
</kw>
<arg>'${status}' == 'PASS'</arg>
<arg>Log</arg>
<arg>✓ ${step_name}: RÉUSSI</arg>
<arg>console=yes</arg>
<arg>level=INFO</arg>
<arg>ELSE</arg>
<arg>Run Keyword And Continue On Failure</arg>
<arg>Fail</arg>
<arg>${step_name}: ${result}</arg>
<doc>Runs the given keyword with the given arguments, if ``condition`` is true.</doc>
<status status="PASS" start="2026-01-16T20:24:28.475101" elapsed="0.005275"/>
</kw>
<return>
<value>${status}</value>
<value>${result}</value>
<status status="PASS" start="2026-01-16T20:24:28.480715" elapsed="0.000546"/>
</return>
<arg>Clic sur About</arg>
<arg>Click About</arg>
<doc>Exécute une étape de test avec logging amélioré
Permet de tracer clairement chaque action dans les logs</doc>
<status status="PASS" start="2026-01-16T20:24:25.133273" elapsed="3.348870"/>
</kw>
<kw name="Run Keyword And Return Status" owner="BuiltIn">
<kw name="Verify Saucelabs Page Opened" owner="Lib3">
<msg time="2026-01-16T20:24:28.906780" level="FAIL">Page Saucelabs non ouverte correctement. URL actuelle : https://saucelabs.com/error/404 (domaine: saucelabs.com, chemin: /error/404)</msg>
<doc>Vérifie que la page Saucelabs s'est ouverte</doc>
<status status="FAIL" start="2026-01-16T20:24:28.484230" elapsed="0.502154">Page Saucelabs non ouverte correctement. URL actuelle : https://saucelabs.com/error/404 (domaine: saucelabs.com, chemin: /error/404)</status>
</kw>
<msg time="2026-01-16T20:24:28.987065" level="INFO">${about_success} = False</msg>
<var>${about_success}</var>
<arg>Verify Saucelabs Page Opened</arg>
<doc>Runs the specified keyword and returns the status as a Boolean value.</doc>
<status status="PASS" start="2026-01-16T20:24:28.483192" elapsed="0.504576"/>
</kw>
<kw name="Run Keyword If" owner="BuiltIn">
<kw name="Log" owner="BuiltIn">
<msg time="2026-01-16T20:24:28.990420" level="INFO">✗ ÉCHEC : La page Saucelabs ne s'est pas ouverte pour problem_user</msg>
<arg>✗ ÉCHEC : La page Saucelabs ne s'est pas ouverte pour problem_user</arg>
<arg>console=yes</arg>
<arg>level=INFO</arg>
<doc>Logs the given message with the given level.</doc>
<status status="PASS" start="2026-01-16T20:24:28.989834" elapsed="0.001038"/>
</kw>
<arg>${about_success}</arg>
<arg>Log</arg>
<arg>⚠ INATTENDU: La page Saucelabs s'est ouverte pour problem_user</arg>
<arg>console=yes</arg>
<arg>level=WARN</arg>
<arg>ELSE</arg>
<arg>Log</arg>
<arg>✗ ÉCHEC : La page Saucelabs ne s'est pas ouverte pour problem_user</arg>
<arg>console=yes</arg>
<arg>level=INFO</arg>
<doc>Runs the given keyword with the given arguments, if ``condition`` is true.</doc>
<status status="PASS" start="2026-01-16T20:24:28.988689" elapsed="0.002427"/>
</kw>
<kw name="Run Keyword If" owner="BuiltIn">
<kw name="Run Keyword And Continue On Failure" owner="BuiltIn">
<kw name="Fail" owner="BuiltIn">
<msg time="2026-01-16T20:24:28.995007" level="FAIL">Page Saucelabs non ouverte</msg>
<arg>Page Saucelabs non ouverte</arg>
<doc>Fails the test with the given message and optionally alters its tags.</doc>
<status status="FAIL" start="2026-01-16T20:24:28.994494" elapsed="0.007568">Page Saucelabs non ouverte</status>
</kw>
<arg>Fail</arg>
<arg>Page Saucelabs non ouverte</arg>
<doc>Runs the keyword and continues execution even if a failure occurs.</doc>
<status status="FAIL" start="2026-01-16T20:24:28.993945" elapsed="0.008451">Page Saucelabs non ouverte</status>
</kw>
<arg>not ${about_success}</arg>
<arg>BuiltIn.Run Keyword And Continue On Failure</arg>
<arg>Fail</arg>
<arg>Page Saucelabs non ouverte</arg>
<doc>Runs the given keyword with the given arguments, if ``condition`` is true.</doc>
<status status="FAIL" start="2026-01-16T20:24:28.992020" elapsed="0.010598">Page Saucelabs non ouverte</status>
</kw>
<kw name="Execute Test Step">
<kw name="Log" owner="BuiltIn">
<msg time="2026-01-16T20:24:29.004361" level="INFO">▶ Retour automatique à inventory</msg>
<arg>▶ ${step_name}</arg>
<arg>console=yes</arg>
<doc>Logs the given message with the given level.</doc>
<status status="PASS" start="2026-01-16T20:24:29.003804" elapsed="0.001131"/>
</kw>
<kw name="Run Keyword And Ignore Error" owner="BuiltIn">
<kw name="Return To Inventory Page" owner="Lib3">
<msg time="2026-01-16T20:24:29.489241" level="INFO">URL actuelle avant retour: https://saucelabs.com/error/404
Nombre de fenêtres ouvertes: 1
URL après switch: https://saucelabs.com/error/404
Navigation vers la page inventory...
✓ Retour à la page inventory: https://www.saucedemo.com/inventory.html</msg>
<arg>@{args}</arg>
<doc>Retourne à la page inventory depuis n'importe quelle page</doc>
<status status="PASS" start="2026-01-16T20:24:29.006283" elapsed="0.483473"/>
</kw>
<msg time="2026-01-16T20:24:29.490174" level="INFO">${status} = PASS</msg>
<msg time="2026-01-16T20:24:29.490942" level="INFO">${result} = https://www.saucedemo.com/inventory.html</msg>
<var>${status}</var>
<var>${result}</var>
<arg>${keyword_name}</arg>
<arg>@{args}</arg>
<doc>Runs the given keyword with the given arguments and ignores possible error.</doc>
<status status="PASS" start="2026-01-16T20:24:29.005422" elapsed="0.486749"/>
</kw>
<kw name="Run Keyword If" owner="BuiltIn">
<kw name="Log" owner="BuiltIn">
<msg time="2026-01-16T20:24:29.497905" level="INFO">✓ Retour automatique à inventory: RÉUSSI</msg>
<arg>✓ ${step_name}: RÉUSSI</arg>
<arg>console=yes</arg>
<arg>level=INFO</arg>
<doc>Logs the given message with the given level.</doc>
<status status="PASS" start="2026-01-16T20:24:29.496384" elapsed="0.002170"/>
</kw>
<arg>'${status}' == 'PASS'</arg>
<arg>Log</arg>
<arg>✓ ${step_name}: RÉUSSI</arg>
<arg>console=yes</arg>
<arg>level=INFO</arg>
<arg>ELSE</arg>
<arg>Run Keyword And Continue On Failure</arg>
<arg>Fail</arg>
<arg>${step_name}: ${result}</arg>
<doc>Runs the given keyword with the given arguments, if ``condition`` is true.</doc>
<status status="PASS" start="2026-01-16T20:24:29.493154" elapsed="0.005833"/>
</kw>
<return>
<value>${status}</value>
<value>${result}</value>
<status status="PASS" start="2026-01-16T20:24:29.499597" elapsed="0.000619"/>
</return>
<arg>Retour automatique à inventory</arg>
<arg>Return To Inventory Page</arg>
<doc>Exécute une étape de test avec logging amélioré
Permet de tracer clairement chaque action dans les logs</doc>
<status status="PASS" start="2026-01-16T20:24:29.003211" elapsed="0.497981"/>
</kw>
<kw name="Get Current URL" owner="Lib1">
<msg time="2026-01-16T20:24:29.511534" level="INFO">${current_url} = https://www.saucedemo.com/inventory.html</msg>
<var>${current_url}</var>
<doc>Retourne l'URL actuelle</doc>
<status status="PASS" start="2026-01-16T20:24:29.502616" elapsed="0.009850"/>
</kw>
<kw name="Should Contain" owner="BuiltIn">
<arg>${current_url}</arg>
<arg>inventory</arg>
<arg>msg=Pas sur la page inventory après le test About</arg>
<doc>Fails if ``container`` does not contain ``item`` one or more times.</doc>
<status status="PASS" start="2026-01-16T20:24:29.513411" elapsed="0.002314"/>
</kw>
<kw name="Log" owner="BuiltIn">
<msg time="2026-01-16T20:24:29.517092" level="INFO">=== ✓ TEST ABOUT TERMINÉ ===</msg>
<arg>=== ✓ TEST ABOUT TERMINÉ ===</arg>
<arg>console=yes</arg>
<doc>Logs the given message with the given level.</doc>
<status status="PASS" start="2026-01-16T20:24:29.516363" elapsed="0.002223"/>
</kw>
<doc>Test de l'option "About" du menu burger pour problem_user
ÉCHEC ATTENDU: La page Saucelabs ne s'ouvre pas correctement</doc>
<tag>about</tag>
<tag>burger_menu</tag>
<tag>known_issue</tag>
<tag>problem_user</tag>
<status status="FAIL" start="2026-01-16T20:24:23.651083" elapsed="5.869496">Page Saucelabs non ouverte</status>
</test>
<test id="s1-s1-s1-t9" name="Test Reset App State Problem User" line="221">
<kw name="Log" owner="BuiltIn">
<msg time="2026-01-16T20:24:29.560158" level="INFO">=== TEST RESET APP STATE - PROBLEM USER ===</msg>
<arg>=== TEST RESET APP STATE - PROBLEM USER ===</arg>
<arg>console=yes</arg>
<doc>Logs the given message with the given level.</doc>
<status status="PASS" start="2026-01-16T20:24:29.559324" elapsed="0.001428"/>
</kw>
<kw name="Execute Test Step">
<kw name="Log" owner="BuiltIn">
<msg time="2026-01-16T20:24:29.562750" level="INFO">▶ Ajout d'un produit au panier</msg>
<arg>▶ ${step_name}</arg>
<arg>console=yes</arg>
<doc>Logs the given message with the given level.</doc>
<status status="PASS" start="2026-01-16T20:24:29.562073" elapsed="0.001280"/>
</kw>
<kw name="Run Keyword And Ignore Error" owner="BuiltIn">
<kw name="Add Product To Cart" owner="Lib3">
<msg time="2026-01-16T20:24:40.507934" level="INFO">Recherche du produit: Sauce Labs Backpack
Sélecteur: button[data-test='add-to-cart-sauce-labs-backpack']
✓ Produit 'Sauce Labs Backpack' ajouté au panier</msg>
<arg>@{args}</arg>
<doc>Ajoute un produit au panier
Args:
    product_name: Nom du produit à ajouter (par défaut: Sauce Labs Backpack)</doc>
<status status="PASS" start="2026-01-16T20:24:29.564290" elapsed="10.944866"/>
</kw>
<msg time="2026-01-16T20:24:40.509656" level="INFO">${status} = PASS</msg>
<msg time="2026-01-16T20:24:40.509999" level="INFO">${result} = None</msg>
<var>${status}</var>
<var>${result}</var>
<arg>${keyword_name}</arg>
<arg>@{args}</arg>
<doc>Runs the given keyword with the given arguments and ignores possible error.</doc>
<status status="PASS" start="2026-01-16T20:24:29.563625" elapsed="10.946706"/>
</kw>
<kw name="Run Keyword If" owner="BuiltIn">
<kw name="Log" owner="BuiltIn">
<msg time="2026-01-16T20:24:40.512846" level="INFO">✓ Ajout d'un produit au panier: RÉUSSI</msg>
<arg>✓ ${step_name}: RÉUSSI</arg>
<arg>console=yes</arg>
<arg>level=INFO</arg>
<doc>Logs the given message with the given level.</doc>
<status status="PASS" start="2026-01-16T20:24:40.512086" elapsed="0.001537"/>
</kw>
<arg>'${status}' == 'PASS'</arg>
<arg>Log</arg>
<arg>✓ ${step_name}: RÉUSSI</arg>
<arg>console=yes</arg>
<arg>level=INFO</arg>
<arg>ELSE</arg>
<arg>Run Keyword And Continue On Failure</arg>
<arg>Fail</arg>
<arg>${step_name}: ${result}</arg>
<doc>Runs the given keyword with the given arguments, if ``condition`` is true.</doc>
<status status="PASS" start="2026-01-16T20:24:40.510804" elapsed="0.003030"/>
</kw>
<return>
<value>${status}</value>
<value>${result}</value>
<status status="PASS" start="2026-01-16T20:24:40.514128" elapsed="0.000260"/>
</return>
<arg>Ajout d'un produit au panier</arg>
<arg>Add Product To Cart</arg>
<arg>Sauce Labs Backpack</arg>
<doc>Exécute une étape de test avec logging amélioré
Permet de tracer clairement chaque action dans les logs</doc>
<status status="PASS" start="2026-01-16T20:24:29.561325" elapsed="10.953328"/>
</kw>
<kw name="Execute Test Step">
<kw name="Log" owner="BuiltIn">
<msg time="2026-01-16T20:24:40.516131" level="INFO">▶ Ouverture du menu burger</msg>
<arg>▶ ${step_name}</arg>
<arg>console=yes</arg>
<doc>Logs the given message with the given level.</doc>
<status status="PASS" start="2026-01-16T20:24:40.515648" elapsed="0.000998"/>
</kw>
<kw name="Run Keyword And Ignore Error" owner="BuiltIn">
<kw name="Open Burger Menu" owner="Lib3">
<msg time="2026-01-16T20:24:51.465703" level="INFO">Tentative d'ouverture du menu burger...
URL actuelle: https://www.saucedemo.com/inventory.html
✓ Bouton menu burger trouvé
✓ Bouton menu burger visible
Clic sur le bouton menu burger...
✓ Menu burger ouvert avec succès</msg>
<arg>@{args}</arg>
<doc>Ouvre le menu burger</doc>
<status status="PASS" start="2026-01-16T20:24:40.517919" elapsed="10.948232"/>
</kw>
<msg time="2026-01-16T20:24:51.466500" level="INFO">${status} = PASS</msg>
<msg time="2026-01-16T20:24:51.466997" level="INFO">${result} = None</msg>
<var>${status}</var>
<var>${result}</var>
<arg>${keyword_name}</arg>
<arg>@{args}</arg>
<doc>Runs the given keyword with the given arguments and ignores possible error.</doc>
<status status="PASS" start="2026-01-16T20:24:40.516933" elapsed="10.950386"/>
</kw>
<kw name="Run Keyword If" owner="BuiltIn">
<kw name="Log" owner="BuiltIn">
<msg time="2026-01-16T20:24:51.470275" level="INFO">✓ Ouverture du menu burger: RÉUSSI</msg>
<arg>✓ ${step_name}: RÉUSSI</arg>
<arg>console=yes</arg>
<arg>level=INFO</arg>
<doc>Logs the given message with the given level.</doc>
<status status="PASS" start="2026-01-16T20:24:51.469275" elapsed="0.001602"/>
</kw>
<arg>'${status}' == 'PASS'</arg>
<arg>Log</arg>
<arg>✓ ${step_name}: RÉUSSI</arg>
<arg>console=yes</arg>
<arg>level=INFO</arg>
<arg>ELSE</arg>
<arg>Run Keyword And Continue On Failure</arg>
<arg>Fail</arg>
<arg>${step_name}: ${result}</arg>
<doc>Runs the given keyword with the given arguments, if ``condition`` is true.</doc>
<status status="PASS" start="2026-01-16T20:24:51.467703" elapsed="0.003511"/>
</kw>
<return>
<value>${status}</value>
<value>${result}</value>
<status status="PASS" start="2026-01-16T20:24:51.471538" elapsed="0.000192"/>
</return>
<arg>Ouverture du menu burger</arg>
<arg>Open Burger Menu</arg>
<doc>Exécute une étape de test avec logging amélioré
Permet de tracer clairement chaque action dans les logs</doc>
<status status="PASS" start="2026-01-16T20:24:40.515149" elapsed="10.956812"/>
</kw>
<kw name="Execute Test Step">
<kw name="Log" owner="BuiltIn">
<msg time="2026-01-16T20:24:51.473339" level="INFO">▶ Clic Reset App State</msg>
<arg>▶ ${step_name}</arg>
<arg>console=yes</arg>
<doc>Logs the given message with the given level.</doc>
<status status="PASS" start="2026-01-16T20:24:51.472880" elapsed="0.001213"/>
</kw>
<kw name="Run Keyword And Ignore Error" owner="BuiltIn">
<kw name="Click Reset App State" owner="Lib3">
<msg time="2026-01-16T20:24:52.521484" level="INFO">✓ Cliqué sur 'Reset App State'</msg>
<arg>@{args}</arg>
<doc>Clique sur l'option 'Reset App State' du menu</doc>
<status status="PASS" start="2026-01-16T20:24:51.475185" elapsed="1.047016"/>
</kw>
<msg time="2026-01-16T20:24:52.522676" level="INFO">${status} = PASS</msg>
<msg time="2026-01-16T20:24:52.523195" level="INFO">${result} = None</msg>
<var>${status}</var>
<var>${result}</var>
<arg>${keyword_name}</arg>
<arg>@{args}</arg>
<doc>Runs the given keyword with the given arguments and ignores possible error.</doc>
<status status="PASS" start="2026-01-16T20:24:51.474416" elapsed="1.049207"/>
</kw>
<kw name="Run Keyword If" owner="BuiltIn">
<kw name="Log" owner="BuiltIn">
<msg time="2026-01-16T20:24:52.526298" level="INFO">✓ Clic Reset App State: RÉUSSI</msg>
<arg>✓ ${step_name}: RÉUSSI</arg>
<arg>console=yes</arg>
<arg>level=INFO</arg>
<doc>Logs the given message with the given level.</doc>
<status status="PASS" start="2026-01-16T20:24:52.525357" elapsed="0.005010"/>
</kw>
<arg>'${status}' == 'PASS'</arg>
<arg>Log</arg>
<arg>✓ ${step_name}: RÉUSSI</arg>
<arg>console=yes</arg>
<arg>level=INFO</arg>
<arg>ELSE</arg>
<arg>Run Keyword And Continue On Failure</arg>
<arg>Fail</arg>
<arg>${step_name}: ${result}</arg>
<doc>Runs the given keyword with the given arguments, if ``condition`` is true.</doc>
<status status="PASS" start="2026-01-16T20:24:52.524006" elapsed="0.006578"/>
</kw>
<return>
<value>${status}</value>
<value>${result}</value>
<status status="PASS" start="2026-01-16T20:24:52.530758" elapsed="0.000208"/>
</return>
<arg>Clic Reset App State</arg>
<arg>Click Reset App State</arg>
<doc>Exécute une étape de test avec logging amélioré
Permet de tracer clairement chaque action dans les logs</doc>
<status status="PASS" start="2026-01-16T20:24:51.472407" elapsed="1.058796"/>
</kw>
<kw name="Execute Test Step">
<kw name="Log" owner="BuiltIn">
<msg time="2026-01-16T20:24:52.532676" level="INFO">▶ Vérification badge panier vide</msg>
<arg>▶ ${step_name}</arg>
<arg>console=yes</arg>
<doc>Logs the given message with the given level.</doc>
<status status="PASS" start="2026-01-16T20:24:52.532162" elapsed="0.001096"/>
</kw>
<kw name="Run Keyword And Ignore Error" owner="BuiltIn">
<kw name="Verify Cart Is Empty" owner="Lib3">
<msg time="2026-01-16T20:25:03.233177" level="INFO">Menu déjà ouvert, fermeture...
✓ Menu burger fermé
✓ Le panier est vide (pas de badge)</msg>
<arg>@{args}</arg>
<doc>Vérifie que le panier est vide (badge absent)</doc>
<status status="PASS" start="2026-01-16T20:24:52.534725" elapsed="10.698906"/>
</kw>
<msg time="2026-01-16T20:25:03.233993" level="INFO">${status} = PASS</msg>
<msg time="2026-01-16T20:25:03.234451" level="INFO">${result} = None</msg>
<var>${status}</var>
<var>${result}</var>
<arg>${keyword_name}</arg>
<arg>@{args}</arg>
<doc>Runs the given keyword with the given arguments and ignores possible error.</doc>
<status status="PASS" start="2026-01-16T20:24:52.533501" elapsed="10.701381"/>
</kw>
<kw name="Run Keyword If" owner="BuiltIn">
<kw name="Log" owner="BuiltIn">
<msg time="2026-01-16T20:25:03.237491" level="INFO">✓ Vérification badge panier vide: RÉUSSI</msg>
<arg>✓ ${step_name}: RÉUSSI</arg>
<arg>console=yes</arg>
<arg>level=INFO</arg>
<doc>Logs the given message with the given level.</doc>
<status status="PASS" start="2026-01-16T20:25:03.236587" elapsed="0.001507"/>
</kw>
<arg>'${status}' == 'PASS'</arg>
<arg>Log</arg>
<arg>✓ ${step_name}: RÉUSSI</arg>
<arg>console=yes</arg>
<arg>level=INFO</arg>
<arg>ELSE</arg>
<arg>Run Keyword And Continue On Failure</arg>
<arg>Fail</arg>
<arg>${step_name}: ${result}</arg>
<doc>Runs the given keyword with the given arguments, if ``condition`` is true.</doc>
<status status="PASS" start="2026-01-16T20:25:03.235235" elapsed="0.003098"/>
</kw>
<return>
<value>${status}</value>
<value>${result}</value>
<status status="PASS" start="2026-01-16T20:25:03.238607" elapsed="0.000244"/>
</return>
<arg>Vérification badge panier vide</arg>
<arg>Verify Cart Is Empty</arg>
<doc>Exécute une étape de test avec logging amélioré
Permet de tracer clairement chaque action dans les logs</doc>
<status status="PASS" start="2026-01-16T20:24:52.531666" elapsed="10.707477"/>
</kw>
<kw name="Execute Test Step">
<kw name="Log" owner="BuiltIn">
<msg time="2026-01-16T20:25:03.240654" level="INFO">▶ Vérification bouton Add to cart</msg>
<arg>▶ ${step_name}</arg>
<arg>console=yes</arg>
<doc>Logs the given message with the given level.</doc>
<status status="PASS" start="2026-01-16T20:25:03.240099" elapsed="0.000959"/>
</kw>
<kw name="Run Keyword And Ignore Error" owner="BuiltIn">
<kw name="Verify Product Button State" owner="Lib3">
<msg time="2026-01-16T20:25:23.727882" level="FAIL">Le bouton 'Add to cart' est introuvable pour 'Sauce Labs Backpack'</msg>
<arg>@{args}</arg>
<doc>Vérifie l'état du bouton d'un produit (Add to cart ou Remove)
Args:
    product_name: Nom du produit à vérifier
    expected_state: État attendu ('add' ou 'remove')</doc>
<status status="FAIL" start="2026-01-16T20:25:03.242392" elapsed="20.494555">Le bouton 'Add to cart' est introuvable pour 'Sauce Labs Backpack'</status>
</kw>
<msg time="2026-01-16T20:25:23.737367" level="INFO">${status} = FAIL</msg>
<msg time="2026-01-16T20:25:23.737594" level="INFO">${result} = Le bouton 'Add to cart' est introuvable pour 'Sauce Labs Backpack'</msg>
<var>${status}</var>
<var>${result}</var>
<arg>${keyword_name}</arg>
<arg>@{args}</arg>
<doc>Runs the given keyword with the given arguments and ignores possible error.</doc>
<status status="PASS" start="2026-01-16T20:25:03.241397" elapsed="20.496480"/>
</kw>
<kw name="Run Keyword If" owner="BuiltIn">
<kw name="Run Keyword And Continue On Failure" owner="BuiltIn">
<kw name="Fail" owner="BuiltIn">
<msg time="2026-01-16T20:25:23.742517" level="FAIL">Vérification bouton Add to cart: Le bouton 'Add to cart' est introuvable pour 'Sauce Labs Backpack'</msg>
<arg>${step_name}: ${result}</arg>
<doc>Fails the test with the given message and optionally alters its tags.</doc>
<status status="FAIL" start="2026-01-16T20:25:23.740504" elapsed="0.012377">Vérification bouton Add to cart: Le bouton 'Add to cart' est introuvable pour 'Sauce Labs Backpack'</status>
</kw>
<arg>Fail</arg>
<arg>${step_name}: ${result}</arg>
<doc>Runs the keyword and continues execution even if a failure occurs.</doc>
<status status="FAIL" start="2026-01-16T20:25:23.739388" elapsed="0.013860">Vérification bouton Add to cart: Le bouton 'Add to cart' est introuvable pour 'Sauce Labs Backpack'</status>
</kw>
<arg>'${status}' == 'PASS'</arg>
<arg>Log</arg>
<arg>✓ ${step_name}: RÉUSSI</arg>
<arg>console=yes</arg>
<arg>level=INFO</arg>
<arg>ELSE</arg>
<arg>Run Keyword And Continue On Failure</arg>
<arg>Fail</arg>
<arg>${step_name}: ${result}</arg>
<doc>Runs the given keyword with the given arguments, if ``condition`` is true.</doc>
<status status="FAIL" start="2026-01-16T20:25:23.738204" elapsed="0.015456">Vérification bouton Add to cart: Le bouton 'Add to cart' est introuvable pour 'Sauce Labs Backpack'</status>
</kw>
<return>
<value>${status}</value>
<value>${result}</value>
<status status="PASS" start="2026-01-16T20:25:23.753935" elapsed="0.000257"/>
</return>
<arg>Vérification bouton Add to cart</arg>
<arg>Verify Product Button State</arg>
<arg>Sauce Labs Backpack</arg>
<arg>add</arg>
<doc>Exécute une étape de test avec logging amélioré
Permet de tracer clairement chaque action dans les logs</doc>
<status status="FAIL" start="2026-01-16T20:25:03.239596" elapsed="20.514930">Vérification bouton Add to cart: Le bouton 'Add to cart' est introuvable pour 'Sauce Labs Backpack'</status>
</kw>
<kw name="Log" owner="BuiltIn">
<msg time="2026-01-16T20:25:23.755757" level="INFO">=== ✓ TEST RESET APP STATE TERMINE ===</msg>
<arg>=== ✓ TEST RESET APP STATE TERMINE ===</arg>
<arg>console=yes</arg>
<doc>Logs the given message with the given level.</doc>
<status status="PASS" start="2026-01-16T20:25:23.755080" elapsed="0.001528"/>
</kw>
<doc>Test de l'option "Reset App State" du menu burger
pour problem_user</doc>
<tag>burger_menu</tag>
<tag>known_issue</tag>
<tag>problem_user</tag>
<tag>reset</tag>
<status status="FAIL" start="2026-01-16T20:24:29.554815" elapsed="54.202363">Vérification bouton Add to cart: Le bouton 'Add to cart' est introuvable pour 'Sauce Labs Backpack'</status>
</test>
<test id="s1-s1-s1-t10" name="Test Logout Problem User" line="248">
<kw name="Log" owner="BuiltIn">
<msg time="2026-01-16T20:25:23.786912" level="INFO">=== TEST LOGOUT - PROBLEM USER ===</msg>
<arg>=== TEST LOGOUT - PROBLEM USER ===</arg>
<arg>console=yes</arg>
<doc>Logs the given message with the given level.</doc>
<status status="PASS" start="2026-01-16T20:25:23.785835" elapsed="0.001606"/>
</kw>
<kw name="Execute Test Step">
<kw name="Log" owner="BuiltIn">
<msg time="2026-01-16T20:25:23.789890" level="INFO">▶ Ouverture du menu burger</msg>
<arg>▶ ${step_name}</arg>
<arg>console=yes</arg>
<doc>Logs the given message with the given level.</doc>
<status status="PASS" start="2026-01-16T20:25:23.788958" elapsed="0.001797"/>
</kw>
<kw name="Run Keyword And Ignore Error" owner="BuiltIn">
<kw name="Open Burger Menu" owner="Lib3">
<msg time="2026-01-16T20:25:34.753006" level="INFO">Tentative d'ouverture du menu burger...
URL actuelle: https://www.saucedemo.com/inventory.html
✓ Bouton menu burger trouvé
✓ Bouton menu burger visible
Clic sur le bouton menu burger...
✓ Menu burger ouvert avec succès</msg>
<arg>@{args}</arg>
<doc>Ouvre le menu burger</doc>
<status status="PASS" start="2026-01-16T20:25:23.791754" elapsed="10.961697"/>
</kw>
<msg time="2026-01-16T20:25:34.753808" level="INFO">${status} = PASS</msg>
<msg time="2026-01-16T20:25:34.754229" level="INFO">${result} = None</msg>
<var>${status}</var>
<var>${result}</var>
<arg>${keyword_name}</arg>
<arg>@{args}</arg>
<doc>Runs the given keyword with the given arguments and ignores possible error.</doc>
<status status="PASS" start="2026-01-16T20:25:23.791083" elapsed="10.963469"/>
</kw>
<kw name="Run Keyword If" owner="BuiltIn">
<kw name="Log" owner="BuiltIn">
<msg time="2026-01-16T20:25:34.757035" level="INFO">✓ Ouverture du menu burger: RÉUSSI</msg>
<arg>✓ ${step_name}: RÉUSSI</arg>
<arg>console=yes</arg>
<arg>level=INFO</arg>
<doc>Logs the given message with the given level.</doc>
<status status="PASS" start="2026-01-16T20:25:34.755918" elapsed="0.001576"/>
</kw>
<arg>'${status}' == 'PASS'</arg>
<arg>Log</arg>
<arg>✓ ${step_name}: RÉUSSI</arg>
<arg>console=yes</arg>
<arg>level=INFO</arg>
<arg>ELSE</arg>
<arg>Run Keyword And Continue On Failure</arg>
<arg>Fail</arg>
<arg>${step_name}: ${result}</arg>
<doc>Runs the given keyword with the given arguments, if ``condition`` is true.</doc>
<status status="PASS" start="2026-01-16T20:25:34.754860" elapsed="0.002860"/>
</kw>
<return>
<value>${status}</value>
<value>${result}</value>
<status status="PASS" start="2026-01-16T20:25:34.757927" elapsed="0.000227"/>
</return>
<arg>Ouverture du menu burger</arg>
<arg>Open Burger Menu</arg>
<doc>Exécute une étape de test avec logging amélioré
Permet de tracer clairement chaque action dans les logs</doc>
<status status="PASS" start="2026-01-16T20:25:23.788147" elapsed="10.970268"/>
</kw>
<kw name="Execute Test Step">
<kw name="Log" owner="BuiltIn">
<msg time="2026-01-16T20:25:34.759835" level="INFO">▶ Clic Logout</msg>
<arg>▶ ${step_name}</arg>
<arg>console=yes</arg>
<doc>Logs the given message with the given level.</doc>
<status status="PASS" start="2026-01-16T20:25:34.759348" elapsed="0.000861"/>
</kw>
<kw name="Run Keyword And Ignore Error" owner="BuiltIn">
<kw name="Click Logout" owner="Lib3">
<msg time="2026-01-16T20:25:34.825809" level="INFO">✓ Cliqué sur 'Logout'</msg>
<arg>@{args}</arg>
<doc>Clique sur l'option 'Logout' du menu</doc>
<status status="PASS" start="2026-01-16T20:25:34.761386" elapsed="0.065545"/>
</kw>
<msg time="2026-01-16T20:25:34.827682" level="INFO">${status} = PASS</msg>
<msg time="2026-01-16T20:25:34.829597" level="INFO">${result} = None</msg>
<var>${status}</var>
<var>${result}</var>
<arg>${keyword_name}</arg>
<arg>@{args}</arg>
<doc>Runs the given keyword with the given arguments and ignores possible error.</doc>
<status status="PASS" start="2026-01-16T20:25:34.760450" elapsed="0.069464"/>
</kw>
<kw name="Run Keyword If" owner="BuiltIn">
<kw name="Log" owner="BuiltIn">
<msg time="2026-01-16T20:25:34.836774" level="INFO">✓ Clic Logout: RÉUSSI</msg>
<arg>✓ ${step_name}: RÉUSSI</arg>
<arg>console=yes</arg>
<arg>level=INFO</arg>
<doc>Logs the given message with the given level.</doc>
<status status="PASS" start="2026-01-16T20:25:34.833939" elapsed="0.003810"/>
</kw>
<arg>'${status}' == 'PASS'</arg>
<arg>Log</arg>
<arg>✓ ${step_name}: RÉUSSI</arg>
<arg>console=yes</arg>
<arg>level=INFO</arg>
<arg>ELSE</arg>
<arg>Run Keyword And Continue On Failure</arg>
<arg>Fail</arg>
<arg>${step_name}: ${result}</arg>
<doc>Runs the given keyword with the given arguments, if ``condition`` is true.</doc>
<status status="PASS" start="2026-01-16T20:25:34.830509" elapsed="0.007546"/>
</kw>
<return>
<value>${status}</value>
<value>${result}</value>
<status status="PASS" start="2026-01-16T20:25:34.838359" elapsed="0.000601"/>
</return>
<arg>Clic Logout</arg>
<arg>Click Logout</arg>
<doc>Exécute une étape de test avec logging amélioré
Permet de tracer clairement chaque action dans les logs</doc>
<status status="PASS" start="2026-01-16T20:25:34.758864" elapsed="0.080832"/>
</kw>
<kw name="Execute Test Step">
<kw name="Log" owner="BuiltIn">
<msg time="2026-01-16T20:25:34.846276" level="INFO">▶ Vérification page login</msg>
<arg>▶ ${step_name}</arg>
<arg>console=yes</arg>
<doc>Logs the given message with the given level.</doc>
<status status="PASS" start="2026-01-16T20:25:34.843724" elapsed="0.004733"/>
</kw>
<kw name="Run Keyword And Ignore Error" owner="BuiltIn">
<kw name="Verify Login Page Is Displayed" owner="Lib2">
<msg time="2026-01-16T20:25:34.939153" level="INFO">✓ Page de login affichée correctement</msg>
<arg>@{args}</arg>
<doc>Vérifie que la page de login est affichée</doc>
<status status="PASS" start="2026-01-16T20:25:34.851916" elapsed="0.087664"/>
</kw>
<msg time="2026-01-16T20:25:34.940011" level="INFO">${status} = PASS</msg>
<msg time="2026-01-16T20:25:34.940449" level="INFO">${result} = None</msg>
<var>${status}</var>
<var>${result}</var>
<arg>${keyword_name}</arg>
<arg>@{args}</arg>
<doc>Runs the given keyword with the given arguments and ignores possible error.</doc>
<status status="PASS" start="2026-01-16T20:25:34.849207" elapsed="0.091650"/>
</kw>
<kw name="Run Keyword If" owner="BuiltIn">
<kw name="Log" owner="BuiltIn">
<msg time="2026-01-16T20:25:34.943179" level="INFO">✓ Vérification page login: RÉUSSI</msg>
<arg>✓ ${step_name}: RÉUSSI</arg>
<arg>console=yes</arg>
<arg>level=INFO</arg>
<doc>Logs the given message with the given level.</doc>
<status status="PASS" start="2026-01-16T20:25:34.942375" elapsed="0.001360"/>
</kw>
<arg>'${status}' == 'PASS'</arg>
<arg>Log</arg>
<arg>✓ ${step_name}: RÉUSSI</arg>
<arg>console=yes</arg>
<arg>level=INFO</arg>
<arg>ELSE</arg>
<arg>Run Keyword And Continue On Failure</arg>
<arg>Fail</arg>
<arg>${step_name}: ${result}</arg>
<doc>Runs the given keyword with the given arguments, if ``condition`` is true.</doc>
<status status="PASS" start="2026-01-16T20:25:34.941272" elapsed="0.002853"/>
</kw>
<return>
<value>${status}</value>
<value>${result}</value>
<status status="PASS" start="2026-01-16T20:25:34.944558" elapsed="0.000280"/>
</return>
<arg>Vérification page login</arg>
<arg>Verify Login Page Is Displayed</arg>
<doc>Exécute une étape de test avec logging amélioré
Permet de tracer clairement chaque action dans les logs</doc>
<status status="PASS" start="2026-01-16T20:25:34.841783" elapsed="0.103344"/>
</kw>
<kw name="Log" owner="BuiltIn">
<msg time="2026-01-16T20:25:34.945903" level="INFO">=== ✓ TEST LOGOUT TERMINE ===</msg>
<arg>=== ✓ TEST LOGOUT TERMINE ===</arg>
<arg>console=yes</arg>
<doc>Logs the given message with the given level.</doc>
<status status="PASS" start="2026-01-16T20:25:34.945463" elapsed="0.000834"/>
</kw>
<doc>Test de l'option "Logout" du menu burger pour problem_user
Vérifie la déconnexion et le retour à la page login</doc>
<tag>burger_menu</tag>
<tag>known_issue</tag>
<tag>logout</tag>
<tag>problem_user</tag>
<status status="PASS" start="2026-01-16T20:25:23.779551" elapsed="11.167248"/>
</test>
<kw name="Close Browser" owner="Lib1" type="TEARDOWN">
<msg time="2026-01-16T20:25:37.349523" level="INFO">✓ Navigateur fermé</msg>
<doc>Ferme le navigateur et nettoie les ressources</doc>
<status status="PASS" start="2026-01-16T20:25:34.953118" elapsed="2.397012"/>
</kw>
<doc>Tests de navigation dans le menu burger de SauceDemo
Tests séparés par fonctionnalité pour chaque type d'utilisateur</doc>
<status status="FAIL" start="2026-01-16T20:22:29.050817" elapsed="188.299551"/>
</suite>
<status status="FAIL" start="2026-01-16T20:22:29.044527" elapsed="188.312951"/>
</suite>
<status status="FAIL" start="2026-01-16T20:22:28.977756" elapsed="188.384424"/>
</suite>
<statistics>
<total>
<stat pass="7" fail="3" skip="0">All Tests</stat>
</total>
<tag>
<stat pass="1" fail="1" skip="0">about</stat>
<stat pass="2" fail="0" skip="0">all_items</stat>
<stat pass="7" fail="3" skip="0">burger_menu</stat>
<stat pass="2" fail="1" skip="0">critical</stat>
<stat pass="3" fail="2" skip="0">known_issue</stat>
<stat pass="2" fail="0" skip="0">logout</stat>
<stat pass="2" fail="0" skip="0">menu_visibility</stat>
<stat pass="3" fail="2" skip="0">problem_user</stat>
<stat pass="0" fail="2" skip="0">reset</stat>
<stat pass="4" fail="1" skip="0">standard_user</stat>
</tag>
<suite>
<stat name="Saucedemo-Robotframework-Tests" id="s1" pass="7" fail="3" skip="0">Saucedemo-Robotframework-Tests</stat>
<stat name="Tests" id="s1-s1" pass="7" fail="3" skip="0">Saucedemo-Robotframework-Tests.Tests</stat>
<stat name="Burger Menu Navigation" id="s1-s1-s1" pass="7" fail="3" skip="0">Saucedemo-Robotframework-Tests.Tests.Burger Menu Navigation</stat>
</suite>
</statistics>
<errors>
</errors>
</robot>
